2024-04-16 10:22:45,370 INFO: Running consensus pipeline...
2024-04-16 10:22:45,370 INFO: Running consensus pipeline with 80_20_best_sequence method...
2024-04-16 10:22:45,405 INFO: Running minimap2 on top 20% sequences...
2024-04-16 10:22:45,405 INFO: Running command: minimap2 -x ava-ont output/expedition_jardin_botanique/barcode69/consensus/barcode69_top20.fastq output/expedition_jardin_botanique/barcode69/consensus/barcode69_top20.fastq > output/expedition_jardin_botanique/barcode69/consensus/barcode69_top20_reads.paf
2024-04-16 10:22:45,430 INFO: Command 'minimap2 -x ava-ont output/expedition_jardin_botanique/barcode69/consensus/barcode69_top20.fastq output/expedition_jardin_botanique/barcode69/consensus/barcode69_top20.fastq > output/expedition_jardin_botanique/barcode69/consensus/barcode69_top20_reads.paf' took 0.03 seconds to run.
2024-04-16 10:22:45,431 ERROR: Error: [M::mm_idx_gen::0.005*0.65] collected minimizers
[M::mm_idx_gen::0.007*1.09] sorted minimizers
[M::main::0.007*1.09] loaded/built the index for 85 target sequence(s)
[M::mm_mapopt_update::0.007*1.09] mid_occ = 75
[M::mm_idx_stat] kmer size: 15; skip: 5; is_hpc: 0; #seq: 85
[M::mm_idx_stat::0.007*1.08] distinct minimizers: 6918 (82.78% are singletons); average occurrences: 2.044; average spacing: 3.056; total length: 43220
[M::worker_pipeline::0.022*1.32] mapped 85 sequences
[M::main] Version: 2.27-r1193
[M::main] CMD: minimap2 -x ava-ont output/expedition_jardin_botanique/barcode69/consensus/barcode69_top20.fastq output/expedition_jardin_botanique/barcode69/consensus/barcode69_top20.fastq
[M::main] Real time: 0.023 sec; CPU: 0.029 sec; Peak RSS: 0.007 GB

2024-04-16 10:22:45,431 INFO: Minimap2 on 20% longest reads took 0.03 seconds.
2024-04-16 10:22:45,431 INFO: Generating consensus with racon on top 20% sequences...
2024-04-16 10:22:45,431 INFO: Running command: racon -m 8 -x -6 -g -8 -w 500 output/expedition_jardin_botanique/barcode69/consensus/barcode69_top20.fastq output/expedition_jardin_botanique/barcode69/consensus/barcode69_top20_reads.paf output/expedition_jardin_botanique/barcode69/consensus/barcode69_top20.fastq > output/expedition_jardin_botanique/barcode69/consensus/barcode69_top20_consensus.fasta
2024-04-16 10:22:45,476 INFO: Command 'racon -m 8 -x -6 -g -8 -w 500 output/expedition_jardin_botanique/barcode69/consensus/barcode69_top20.fastq output/expedition_jardin_botanique/barcode69/consensus/barcode69_top20_reads.paf output/expedition_jardin_botanique/barcode69/consensus/barcode69_top20.fastq > output/expedition_jardin_botanique/barcode69/consensus/barcode69_top20_consensus.fasta' took 0.05 seconds to run.
2024-04-16 10:22:45,477 ERROR: Error: [racon::Polisher::initialize] loaded target sequences 0.000840 s
[racon::Polisher::initialize] loaded sequences 0.000734 s
[racon::Polisher::initialize] loaded overlaps 0.001793 s
[racon::Polisher::initialize] aligning overlaps [=>                  ] 0.000911 s
[racon::Polisher::initialize] aligning overlaps [==>                 ] 0.001181 s
[racon::Polisher::initialize] aligning overlaps [===>                ] 0.001557 s
[racon::Polisher::initialize] aligning overlaps [====>               ] 0.001940 s
[racon::Polisher::initialize] aligning overlaps [=====>              ] 0.002323 s
[racon::Polisher::initialize] aligning overlaps [======>             ] 0.002635 s
[racon::Polisher::initialize] aligning overlaps [=======>            ] 0.002965 s
[racon::Polisher::initialize] aligning overlaps [========>           ] 0.003282 s
[racon::Polisher::initialize] aligning overlaps [=========>          ] 0.003506 s
[racon::Polisher::initialize] aligning overlaps [==========>         ] 0.003730 s
[racon::Polisher::initialize] aligning overlaps [===========>        ] 0.003977 s
[racon::Polisher::initialize] aligning overlaps [============>       ] 0.004174 s
[racon::Polisher::initialize] aligning overlaps [=============>      ] 0.004381 s
[racon::Polisher::initialize] aligning overlaps [==============>     ] 0.004701 s
[racon::Polisher::initialize] aligning overlaps [===============>    ] 0.004883 s
[racon::Polisher::initialize] aligning overlaps [================>   ] 0.005088 s
[racon::Polisher::initialize] aligning overlaps [=================>  ] 0.005267 s
[racon::Polisher::initialize] aligning overlaps [==================> ] 0.005455 s
[racon::Polisher::initialize] aligning overlaps [===================>] 0.005647 s
[racon::Polisher::initialize] aligning overlaps [====================] 0.006778 s
[racon::Polisher::initialize] transformed data into windows 0.000106 s
[racon::Polisher::polish] generating consensus [=>                  ] 0.004606 s
[racon::Polisher::polish] generating consensus [==>                 ] 0.008314 s
[racon::Polisher::polish] generating consensus [===>                ] 0.008327 s
[racon::Polisher::polish] generating consensus [====>               ] 0.009923 s
[racon::Polisher::polish] generating consensus [=====>              ] 0.012518 s
[racon::Polisher::polish] generating consensus [======>             ] 0.012529 s
[racon::Polisher::polish] generating consensus [=======>            ] 0.016794 s
[racon::Polisher::polish] generating consensus [========>           ] 0.018852 s
[racon::Polisher::polish] generating consensus [=========>          ] 0.020378 s
[racon::Polisher::polish] generating consensus [==========>         ] 0.021653 s
[racon::Polisher::polish] generating consensus [===========>        ] 0.022554 s
[racon::Polisher::polish] generating consensus [============>       ] 0.023265 s
[racon::Polisher::polish] generating consensus [=============>      ] 0.023280 s
[racon::Polisher::polish] generating consensus [==============>     ] 0.024118 s
[racon::Polisher::polish] generating consensus [===============>    ] 0.026118 s
[racon::Polisher::polish] generating consensus [================>   ] 0.026129 s
[racon::Polisher::polish] generating consensus [=================>  ] 0.026136 s
[racon::Polisher::polish] generating consensus [==================> ] 0.026719 s
[racon::Polisher::polish] generating consensus [===================>] 0.026729 s
[racon::Polisher::polish] generating consensus [====================] 0.028716 s
[racon::Polisher::] total = 0.039209 s

2024-04-16 10:22:45,477 INFO: Racon on 20% longest reads took 0.05 seconds.
2024-04-16 10:22:45,477 INFO: Multiple sequences found in output/expedition_jardin_botanique/barcode69/consensus/barcode69_top20_consensus.fasta. Selecting the best alignment...
2024-04-16 10:22:46,043 INFO: Running minimap2 on remaining 80% sequences...
2024-04-16 10:22:46,043 INFO: Running command: minimap2 -x map-ont output/expedition_jardin_botanique/barcode69/consensus/barcode69_top20_consensus.fasta output/expedition_jardin_botanique/barcode69/consensus/barcode69_remaining80.fastq > output/expedition_jardin_botanique/barcode69/consensus/barcode69_remaining80_reads.paf
2024-04-16 10:22:46,050 INFO: Command 'minimap2 -x map-ont output/expedition_jardin_botanique/barcode69/consensus/barcode69_top20_consensus.fasta output/expedition_jardin_botanique/barcode69/consensus/barcode69_remaining80.fastq > output/expedition_jardin_botanique/barcode69/consensus/barcode69_remaining80_reads.paf' took 0.01 seconds to run.
2024-04-16 10:22:46,050 ERROR: Error: [M::mm_idx_gen::0.001*1.22] collected minimizers
[M::mm_idx_gen::0.002*0.88] sorted minimizers
[M::main::0.002*0.88] loaded/built the index for 1 target sequence(s)
[M::mm_mapopt_update::0.002*0.88] mid_occ = 10
[M::mm_idx_stat] kmer size: 15; skip: 10; is_hpc: 0; #seq: 1
[M::mm_idx_stat::0.002*0.88] distinct minimizers: 139 (100.00% are singletons); average occurrences: 1.000; average spacing: 5.158; total length: 717
[M::worker_pipeline::0.005*0.71] mapped 341 sequences
[M::main] Version: 2.27-r1193
[M::main] CMD: minimap2 -x map-ont output/expedition_jardin_botanique/barcode69/consensus/barcode69_top20_consensus.fasta output/expedition_jardin_botanique/barcode69/consensus/barcode69_remaining80.fastq
[M::main] Real time: 0.005 sec; CPU: 0.003 sec; Peak RSS: 0.005 GB

2024-04-16 10:22:46,050 INFO: Minimap2 on 80% shortest reads took 0.01 seconds.
2024-04-16 10:22:46,050 INFO: Generating final consensus with racon...
2024-04-16 10:22:46,050 INFO: Running command: racon -m 8 -x -6 -g -8 -w 500 output/expedition_jardin_botanique/barcode69/consensus/barcode69_remaining80.fastq output/expedition_jardin_botanique/barcode69/consensus/barcode69_remaining80_reads.paf output/expedition_jardin_botanique/barcode69/consensus/barcode69_top20_consensus.fasta > output/expedition_jardin_botanique/barcode69/consensus/barcode69_final_consensus.fasta
2024-04-16 10:22:46,098 INFO: Command 'racon -m 8 -x -6 -g -8 -w 500 output/expedition_jardin_botanique/barcode69/consensus/barcode69_remaining80.fastq output/expedition_jardin_botanique/barcode69/consensus/barcode69_remaining80_reads.paf output/expedition_jardin_botanique/barcode69/consensus/barcode69_top20_consensus.fasta > output/expedition_jardin_botanique/barcode69/consensus/barcode69_final_consensus.fasta' took 0.05 seconds to run.
2024-04-16 10:22:46,098 ERROR: Error: [racon::Polisher::initialize] loaded target sequences 0.000125 s
[racon::Polisher::initialize] loaded sequences 0.001566 s
[racon::Polisher::initialize] loaded overlaps 0.000422 s
[racon::Polisher::initialize] aligning overlaps [=>                  ] 0.000936 s
[racon::Polisher::initialize] aligning overlaps [==>                 ] 0.001446 s
[racon::Polisher::initialize] aligning overlaps [===>                ] 0.001844 s
[racon::Polisher::initialize] aligning overlaps [====>               ] 0.002230 s
[racon::Polisher::initialize] aligning overlaps [=====>              ] 0.002435 s
[racon::Polisher::initialize] aligning overlaps [======>             ] 0.002840 s
[racon::Polisher::initialize] aligning overlaps [=======>            ] 0.003041 s
[racon::Polisher::initialize] aligning overlaps [========>           ] 0.003345 s
[racon::Polisher::initialize] aligning overlaps [=========>          ] 0.003592 s
[racon::Polisher::initialize] aligning overlaps [==========>         ] 0.003899 s
[racon::Polisher::initialize] aligning overlaps [===========>        ] 0.004127 s
[racon::Polisher::initialize] aligning overlaps [============>       ] 0.004381 s
[racon::Polisher::initialize] aligning overlaps [=============>      ] 0.004620 s
[racon::Polisher::initialize] aligning overlaps [==============>     ] 0.004811 s
[racon::Polisher::initialize] aligning overlaps [===============>    ] 0.005053 s
[racon::Polisher::initialize] aligning overlaps [================>   ] 0.005424 s
[racon::Polisher::initialize] aligning overlaps [=================>  ] 0.005433 s
[racon::Polisher::initialize] aligning overlaps [==================> ] 0.005733 s
[racon::Polisher::initialize] aligning overlaps [===================>] 0.005847 s
[racon::Polisher::initialize] aligning overlaps [====================] 0.006067 s
[racon::Polisher::initialize] transformed data into windows 0.000103 s
[racon::Polisher::polish] generated consensus 0.032672 s
[racon::Polisher::] total = 0.041193 s

2024-04-16 10:22:46,098 INFO: Racon on 80% shortest reads took 0.05 seconds.
2024-04-16 10:22:46,098 INFO: Deleting intermediate files...
2024-04-16 10:22:46,098 INFO: Minimap2 alignment took 0.03 seconds.
2024-04-16 10:22:46,098 INFO: Total Racon iterations took 0.09 seconds.
2024-04-16 10:22:46,098 INFO: Total time taken for the consensus pipeline: 0.13 seconds.
2024-04-16 10:22:46,098 INFO: Consensus pipeline completed. Total time taken: 0.13 seconds.
