2024-04-16 10:24:29,410 INFO: Running consensus pipeline...
2024-04-16 10:24:29,410 INFO: Running consensus pipeline with 80_20_best_sequence method...
2024-04-16 10:24:29,662 INFO: Running minimap2 on top 20% sequences...
2024-04-16 10:24:29,662 INFO: Running command: minimap2 -x ava-ont output/expedition_jardin_botanique/barcode84/consensus/barcode84_top20.fastq output/expedition_jardin_botanique/barcode84/consensus/barcode84_top20.fastq > output/expedition_jardin_botanique/barcode84/consensus/barcode84_top20_reads.paf
2024-04-16 10:24:31,796 INFO: Command 'minimap2 -x ava-ont output/expedition_jardin_botanique/barcode84/consensus/barcode84_top20.fastq output/expedition_jardin_botanique/barcode84/consensus/barcode84_top20.fastq > output/expedition_jardin_botanique/barcode84/consensus/barcode84_top20_reads.paf' took 2.13 seconds to run.
2024-04-16 10:24:31,796 ERROR: Error: [M::mm_idx_gen::0.014*0.44] collected minimizers
[M::mm_idx_gen::0.024*1.33] sorted minimizers
[M::main::0.024*1.33] loaded/built the index for 635 target sequence(s)
[M::mm_mapopt_update::0.025*1.31] mid_occ = 453
[M::mm_idx_stat] kmer size: 15; skip: 5; is_hpc: 0; #seq: 635
[M::mm_idx_stat::0.026*1.30] distinct minimizers: 35130 (79.85% are singletons); average occurrences: 3.928; average spacing: 3.002; total length: 414279
[M::worker_pipeline::2.128*2.83] mapped 635 sequences
[M::main] Version: 2.27-r1193
[M::main] CMD: minimap2 -x ava-ont output/expedition_jardin_botanique/barcode84/consensus/barcode84_top20.fastq output/expedition_jardin_botanique/barcode84/consensus/barcode84_top20.fastq
[M::main] Real time: 2.130 sec; CPU: 6.016 sec; Peak RSS: 0.036 GB

2024-04-16 10:24:31,796 INFO: Minimap2 on 20% longest reads took 2.13 seconds.
2024-04-16 10:24:31,796 INFO: Generating consensus with racon on top 20% sequences...
2024-04-16 10:24:31,796 INFO: Running command: racon -m 8 -x -6 -g -8 -w 500 output/expedition_jardin_botanique/barcode84/consensus/barcode84_top20.fastq output/expedition_jardin_botanique/barcode84/consensus/barcode84_top20_reads.paf output/expedition_jardin_botanique/barcode84/consensus/barcode84_top20.fastq > output/expedition_jardin_botanique/barcode84/consensus/barcode84_top20_consensus.fasta
2024-04-16 10:24:32,688 INFO: Command 'racon -m 8 -x -6 -g -8 -w 500 output/expedition_jardin_botanique/barcode84/consensus/barcode84_top20.fastq output/expedition_jardin_botanique/barcode84/consensus/barcode84_top20_reads.paf output/expedition_jardin_botanique/barcode84/consensus/barcode84_top20.fastq > output/expedition_jardin_botanique/barcode84/consensus/barcode84_top20_consensus.fasta' took 0.89 seconds to run.
2024-04-16 10:24:32,688 ERROR: Error: [racon::Polisher::initialize] loaded target sequences 0.004320 s
[racon::Polisher::initialize] loaded sequences 0.004494 s
[racon::Polisher::initialize] loaded overlaps 0.183462 s
[racon::Polisher::initialize] aligning overlaps [=>                  ] 0.021727 s
[racon::Polisher::initialize] aligning overlaps [==>                 ] 0.024429 s
[racon::Polisher::initialize] aligning overlaps [===>                ] 0.028744 s
[racon::Polisher::initialize] aligning overlaps [====>               ] 0.033438 s
[racon::Polisher::initialize] aligning overlaps [=====>              ] 0.036810 s
[racon::Polisher::initialize] aligning overlaps [======>             ] 0.040103 s
[racon::Polisher::initialize] aligning overlaps [=======>            ] 0.043524 s
[racon::Polisher::initialize] aligning overlaps [========>           ] 0.046833 s
[racon::Polisher::initialize] aligning overlaps [=========>          ] 0.050865 s
[racon::Polisher::initialize] aligning overlaps [==========>         ] 0.054155 s
[racon::Polisher::initialize] aligning overlaps [===========>        ] 0.057570 s
[racon::Polisher::initialize] aligning overlaps [============>       ] 0.060893 s
[racon::Polisher::initialize] aligning overlaps [=============>      ] 0.064116 s
[racon::Polisher::initialize] aligning overlaps [==============>     ] 0.069605 s
[racon::Polisher::initialize] aligning overlaps [===============>    ] 0.072779 s
[racon::Polisher::initialize] aligning overlaps [================>   ] 0.076228 s
[racon::Polisher::initialize] aligning overlaps [=================>  ] 0.079425 s
[racon::Polisher::initialize] aligning overlaps [==================> ] 0.082546 s
[racon::Polisher::initialize] aligning overlaps [===================>] 0.085744 s
[racon::Polisher::initialize] aligning overlaps [====================] 0.090114 s
[racon::Polisher::initialize] transformed data into windows 0.001125 s
[racon::Polisher::polish] generating consensus [=>                  ] 0.520385 s
[racon::Polisher::polish] generating consensus [==>                 ] 0.573555 s
[racon::Polisher::polish] generating consensus [===>                ] 0.576556 s
[racon::Polisher::polish] generating consensus [====>               ] 0.579611 s
[racon::Polisher::polish] generating consensus [=====>              ] 0.579666 s
[racon::Polisher::polish] generating consensus [======>             ] 0.585680 s
[racon::Polisher::polish] generating consensus [=======>            ] 0.585705 s
[racon::Polisher::polish] generating consensus [========>           ] 0.588060 s
[racon::Polisher::polish] generating consensus [=========>          ] 0.588193 s
[racon::Polisher::polish] generating consensus [==========>         ] 0.588229 s
[racon::Polisher::polish] generating consensus [===========>        ] 0.594551 s
[racon::Polisher::polish] generating consensus [============>       ] 0.594577 s
[racon::Polisher::polish] generating consensus [=============>      ] 0.596433 s
[racon::Polisher::polish] generating consensus [==============>     ] 0.598932 s
[racon::Polisher::polish] generating consensus [===============>    ] 0.598953 s
[racon::Polisher::polish] generating consensus [================>   ] 0.598993 s
[racon::Polisher::polish] generating consensus [=================>  ] 0.599039 s
[racon::Polisher::polish] generating consensus [==================> ] 0.599076 s
[racon::Polisher::polish] generating consensus [===================>] 0.599118 s
[racon::Polisher::polish] generating consensus [====================] 0.599159 s
[racon::Polisher::] total = 0.883350 s

2024-04-16 10:24:32,688 INFO: Racon on 20% longest reads took 0.89 seconds.
2024-04-16 10:24:32,689 INFO: Multiple sequences found in output/expedition_jardin_botanique/barcode84/consensus/barcode84_top20_consensus.fasta. Selecting the best alignment...
2024-04-16 10:24:34,053 INFO: Running minimap2 on remaining 80% sequences...
2024-04-16 10:24:34,053 INFO: Running command: minimap2 -x map-ont output/expedition_jardin_botanique/barcode84/consensus/barcode84_top20_consensus.fasta output/expedition_jardin_botanique/barcode84/consensus/barcode84_remaining80.fastq > output/expedition_jardin_botanique/barcode84/consensus/barcode84_remaining80_reads.paf
2024-04-16 10:24:34,082 INFO: Command 'minimap2 -x map-ont output/expedition_jardin_botanique/barcode84/consensus/barcode84_top20_consensus.fasta output/expedition_jardin_botanique/barcode84/consensus/barcode84_remaining80.fastq > output/expedition_jardin_botanique/barcode84/consensus/barcode84_remaining80_reads.paf' took 0.03 seconds to run.
2024-04-16 10:24:34,082 ERROR: Error: [M::mm_idx_gen::0.001*1.42] collected minimizers
[M::mm_idx_gen::0.002*0.91] sorted minimizers
[M::main::0.002*0.91] loaded/built the index for 1 target sequence(s)
[M::mm_mapopt_update::0.002*0.92] mid_occ = 10
[M::mm_idx_stat] kmer size: 15; skip: 10; is_hpc: 0; #seq: 1
[M::mm_idx_stat::0.002*0.92] distinct minimizers: 144 (97.92% are singletons); average occurrences: 1.021; average spacing: 5.667; total length: 833
[M::worker_pipeline::0.026*1.47] mapped 2541 sequences
[M::main] Version: 2.27-r1193
[M::main] CMD: minimap2 -x map-ont output/expedition_jardin_botanique/barcode84/consensus/barcode84_top20_consensus.fasta output/expedition_jardin_botanique/barcode84/consensus/barcode84_remaining80.fastq
[M::main] Real time: 0.026 sec; CPU: 0.038 sec; Peak RSS: 0.010 GB

2024-04-16 10:24:34,082 INFO: Minimap2 on 80% shortest reads took 0.03 seconds.
2024-04-16 10:24:34,082 INFO: Generating final consensus with racon...
2024-04-16 10:24:34,082 INFO: Running command: racon -m 8 -x -6 -g -8 -w 500 output/expedition_jardin_botanique/barcode84/consensus/barcode84_remaining80.fastq output/expedition_jardin_botanique/barcode84/consensus/barcode84_remaining80_reads.paf output/expedition_jardin_botanique/barcode84/consensus/barcode84_top20_consensus.fasta > output/expedition_jardin_botanique/barcode84/consensus/barcode84_final_consensus.fasta
2024-04-16 10:24:36,627 INFO: Command 'racon -m 8 -x -6 -g -8 -w 500 output/expedition_jardin_botanique/barcode84/consensus/barcode84_remaining80.fastq output/expedition_jardin_botanique/barcode84/consensus/barcode84_remaining80_reads.paf output/expedition_jardin_botanique/barcode84/consensus/barcode84_top20_consensus.fasta > output/expedition_jardin_botanique/barcode84/consensus/barcode84_final_consensus.fasta' took 2.55 seconds to run.
2024-04-16 10:24:36,628 ERROR: Error: [racon::Polisher::initialize] loaded target sequences 0.000062 s
[racon::Polisher::initialize] loaded sequences 0.011138 s
[racon::Polisher::initialize] loaded overlaps 0.002994 s
[racon::Polisher::initialize] aligning overlaps [=>                  ] 0.012129 s
[racon::Polisher::initialize] aligning overlaps [==>                 ] 0.018900 s
[racon::Polisher::initialize] aligning overlaps [===>                ] 0.024147 s
[racon::Polisher::initialize] aligning overlaps [====>               ] 0.029108 s
[racon::Polisher::initialize] aligning overlaps [=====>              ] 0.034722 s
[racon::Polisher::initialize] aligning overlaps [======>             ] 0.039572 s
[racon::Polisher::initialize] aligning overlaps [=======>            ] 0.043767 s
[racon::Polisher::initialize] aligning overlaps [========>           ] 0.047892 s
[racon::Polisher::initialize] aligning overlaps [=========>          ] 0.052207 s
[racon::Polisher::initialize] aligning overlaps [==========>         ] 0.057000 s
[racon::Polisher::initialize] aligning overlaps [===========>        ] 0.061257 s
[racon::Polisher::initialize] aligning overlaps [============>       ] 0.065139 s
[racon::Polisher::initialize] aligning overlaps [=============>      ] 0.068880 s
[racon::Polisher::initialize] aligning overlaps [==============>     ] 0.072129 s
[racon::Polisher::initialize] aligning overlaps [===============>    ] 0.075398 s
[racon::Polisher::initialize] aligning overlaps [================>   ] 0.079001 s
[racon::Polisher::initialize] aligning overlaps [=================>  ] 0.082044 s
[racon::Polisher::initialize] aligning overlaps [==================> ] 0.085051 s
[racon::Polisher::initialize] aligning overlaps [===================>] 0.088200 s
[racon::Polisher::initialize] aligning overlaps [====================] 0.090532 s
[racon::Polisher::initialize] transformed data into windows 0.001200 s
[racon::Polisher::polish] generated consensus 2.431929 s
[racon::Polisher::] total = 2.538892 s

2024-04-16 10:24:36,628 INFO: Racon on 80% shortest reads took 2.55 seconds.
2024-04-16 10:24:36,628 INFO: Deleting intermediate files...
2024-04-16 10:24:36,632 INFO: Minimap2 alignment took 2.16 seconds.
2024-04-16 10:24:36,632 INFO: Total Racon iterations took 3.44 seconds.
2024-04-16 10:24:36,632 INFO: Total time taken for the consensus pipeline: 5.60 seconds.
2024-04-16 10:24:36,633 INFO: Consensus pipeline completed. Total time taken: 5.60 seconds.
