2024-04-15 19:43:39,339 INFO: Running consensus pipeline...
2024-04-15 19:43:39,340 INFO: Running consensus pipeline with 80_20_best_sequence method...
2024-04-15 19:43:39,398 INFO: Running minimap2 on top 20% sequences...
2024-04-15 19:43:39,398 INFO: Running command: minimap2 -x ava-ont output/summer_expedition/Ailanthus_altissimarbcL_barcode1/consensus/Ailanthus_altissimarbcL_barcode1_top20.fastq output/summer_expedition/Ailanthus_altissimarbcL_barcode1/consensus/Ailanthus_altissimarbcL_barcode1_top20.fastq > output/summer_expedition/Ailanthus_altissimarbcL_barcode1/consensus/Ailanthus_altissimarbcL_barcode1_top20_reads.paf
2024-04-15 19:43:39,496 INFO: Command 'minimap2 -x ava-ont output/summer_expedition/Ailanthus_altissimarbcL_barcode1/consensus/Ailanthus_altissimarbcL_barcode1_top20.fastq output/summer_expedition/Ailanthus_altissimarbcL_barcode1/consensus/Ailanthus_altissimarbcL_barcode1_top20.fastq > output/summer_expedition/Ailanthus_altissimarbcL_barcode1/consensus/Ailanthus_altissimarbcL_barcode1_top20_reads.paf' took 0.10 seconds to run.
2024-04-15 19:43:39,496 ERROR: Error: [M::mm_idx_gen::0.009*0.30] collected minimizers
[M::mm_idx_gen::0.014*0.97] sorted minimizers
[M::main::0.014*0.97] loaded/built the index for 172 target sequence(s)
[M::mm_mapopt_update::0.015*0.97] mid_occ = 98
[M::mm_idx_stat] kmer size: 15; skip: 5; is_hpc: 0; #seq: 172
[M::mm_idx_stat::0.017*0.97] distinct minimizers: 17531 (84.90% are singletons); average occurrences: 2.256; average spacing: 2.974; total length: 117656
[M::worker_pipeline::0.093*2.27] mapped 172 sequences
[M::main] Version: 2.27-r1193
[M::main] CMD: minimap2 -x ava-ont output/summer_expedition/Ailanthus_altissimarbcL_barcode1/consensus/Ailanthus_altissimarbcL_barcode1_top20.fastq output/summer_expedition/Ailanthus_altissimarbcL_barcode1/consensus/Ailanthus_altissimarbcL_barcode1_top20.fastq
[M::main] Real time: 0.094 sec; CPU: 0.212 sec; Peak RSS: 0.009 GB

2024-04-15 19:43:39,496 INFO: Minimap2 on 20% longest reads took 0.10 seconds.
2024-04-15 19:43:39,496 INFO: Generating consensus with racon on top 20% sequences...
2024-04-15 19:43:39,496 INFO: Running command: racon -m 8 -x -6 -g -8 -w 500 output/summer_expedition/Ailanthus_altissimarbcL_barcode1/consensus/Ailanthus_altissimarbcL_barcode1_top20.fastq output/summer_expedition/Ailanthus_altissimarbcL_barcode1/consensus/Ailanthus_altissimarbcL_barcode1_top20_reads.paf output/summer_expedition/Ailanthus_altissimarbcL_barcode1/consensus/Ailanthus_altissimarbcL_barcode1_top20.fastq > output/summer_expedition/Ailanthus_altissimarbcL_barcode1/consensus/Ailanthus_altissimarbcL_barcode1_top20_consensus.fasta
2024-04-15 19:43:39,694 INFO: Command 'racon -m 8 -x -6 -g -8 -w 500 output/summer_expedition/Ailanthus_altissimarbcL_barcode1/consensus/Ailanthus_altissimarbcL_barcode1_top20.fastq output/summer_expedition/Ailanthus_altissimarbcL_barcode1/consensus/Ailanthus_altissimarbcL_barcode1_top20_reads.paf output/summer_expedition/Ailanthus_altissimarbcL_barcode1/consensus/Ailanthus_altissimarbcL_barcode1_top20.fastq > output/summer_expedition/Ailanthus_altissimarbcL_barcode1/consensus/Ailanthus_altissimarbcL_barcode1_top20_consensus.fasta' took 0.20 seconds to run.
2024-04-15 19:43:39,694 ERROR: Error: [racon::Polisher::initialize] loaded target sequences 0.001402 s
[racon::Polisher::initialize] loaded sequences 0.001323 s
[racon::Polisher::initialize] loaded overlaps 0.014303 s
[racon::Polisher::initialize] aligning overlaps [=>                  ] 0.002434 s
[racon::Polisher::initialize] aligning overlaps [==>                 ] 0.003451 s
[racon::Polisher::initialize] aligning overlaps [===>                ] 0.004817 s
[racon::Polisher::initialize] aligning overlaps [====>               ] 0.006047 s
[racon::Polisher::initialize] aligning overlaps [=====>              ] 0.007111 s
[racon::Polisher::initialize] aligning overlaps [======>             ] 0.008212 s
[racon::Polisher::initialize] aligning overlaps [=======>            ] 0.009462 s
[racon::Polisher::initialize] aligning overlaps [========>           ] 0.010688 s
[racon::Polisher::initialize] aligning overlaps [=========>          ] 0.011757 s
[racon::Polisher::initialize] aligning overlaps [==========>         ] 0.012992 s
[racon::Polisher::initialize] aligning overlaps [===========>        ] 0.014007 s
[racon::Polisher::initialize] aligning overlaps [============>       ] 0.014886 s
[racon::Polisher::initialize] aligning overlaps [=============>      ] 0.015790 s
[racon::Polisher::initialize] aligning overlaps [==============>     ] 0.016604 s
[racon::Polisher::initialize] aligning overlaps [===============>    ] 0.017503 s
[racon::Polisher::initialize] aligning overlaps [================>   ] 0.018455 s
[racon::Polisher::initialize] aligning overlaps [=================>  ] 0.019229 s
[racon::Polisher::initialize] aligning overlaps [==================> ] 0.020091 s
[racon::Polisher::initialize] aligning overlaps [===================>] 0.020955 s
[racon::Polisher::initialize] aligning overlaps [====================] 0.023387 s
[racon::Polisher::initialize] transformed data into windows 0.000423 s
[racon::Polisher::polish] generating consensus [=>                  ] 0.060931 s
[racon::Polisher::polish] generating consensus [==>                 ] 0.087395 s
[racon::Polisher::polish] generating consensus [===>                ] 0.128827 s
[racon::Polisher::polish] generating consensus [====>               ] 0.132094 s
[racon::Polisher::polish] generating consensus [=====>              ] 0.139867 s
[racon::Polisher::polish] generating consensus [======>             ] 0.142065 s
[racon::Polisher::polish] generating consensus [=======>            ] 0.142094 s
[racon::Polisher::polish] generating consensus [========>           ] 0.143435 s
[racon::Polisher::polish] generating consensus [=========>          ] 0.144529 s
[racon::Polisher::polish] generating consensus [==========>         ] 0.144549 s
[racon::Polisher::polish] generating consensus [===========>        ] 0.144576 s
[racon::Polisher::polish] generating consensus [============>       ] 0.144591 s
[racon::Polisher::polish] generating consensus [=============>      ] 0.146762 s
[racon::Polisher::polish] generating consensus [==============>     ] 0.146781 s
[racon::Polisher::polish] generating consensus [===============>    ] 0.146807 s
[racon::Polisher::polish] generating consensus [================>   ] 0.147875 s
[racon::Polisher::polish] generating consensus [=================>  ] 0.147890 s
[racon::Polisher::polish] generating consensus [==================> ] 0.150606 s
[racon::Polisher::polish] generating consensus [===================>] 0.150619 s
[racon::Polisher::polish] generating consensus [====================] 0.150625 s
[racon::Polisher::] total = 0.191746 s

2024-04-15 19:43:39,694 INFO: Racon on 20% longest reads took 0.20 seconds.
2024-04-15 19:43:39,694 INFO: Multiple sequences found in output/summer_expedition/Ailanthus_altissimarbcL_barcode1/consensus/Ailanthus_altissimarbcL_barcode1_top20_consensus.fasta. Selecting the best alignment...
2024-04-15 19:43:40,607 INFO: Running minimap2 on remaining 80% sequences...
2024-04-15 19:43:40,607 INFO: Running command: minimap2 -x map-ont output/summer_expedition/Ailanthus_altissimarbcL_barcode1/consensus/Ailanthus_altissimarbcL_barcode1_top20_consensus.fasta output/summer_expedition/Ailanthus_altissimarbcL_barcode1/consensus/Ailanthus_altissimarbcL_barcode1_remaining80.fastq > output/summer_expedition/Ailanthus_altissimarbcL_barcode1/consensus/Ailanthus_altissimarbcL_barcode1_remaining80_reads.paf
2024-04-15 19:43:40,619 INFO: Command 'minimap2 -x map-ont output/summer_expedition/Ailanthus_altissimarbcL_barcode1/consensus/Ailanthus_altissimarbcL_barcode1_top20_consensus.fasta output/summer_expedition/Ailanthus_altissimarbcL_barcode1/consensus/Ailanthus_altissimarbcL_barcode1_remaining80.fastq > output/summer_expedition/Ailanthus_altissimarbcL_barcode1/consensus/Ailanthus_altissimarbcL_barcode1_remaining80_reads.paf' took 0.01 seconds to run.
2024-04-15 19:43:40,619 ERROR: Error: [M::mm_idx_gen::0.001*1.26] collected minimizers
[M::mm_idx_gen::0.002*1.16] sorted minimizers
[M::main::0.002*1.16] loaded/built the index for 1 target sequence(s)
[M::mm_mapopt_update::0.002*1.15] mid_occ = 10
[M::mm_idx_stat] kmer size: 15; skip: 10; is_hpc: 0; #seq: 1
[M::mm_idx_stat::0.002*1.15] distinct minimizers: 157 (100.00% are singletons); average occurrences: 1.000; average spacing: 5.019; total length: 788
[M::worker_pipeline::0.007*0.67] mapped 689 sequences
[M::main] Version: 2.27-r1193
[M::main] CMD: minimap2 -x map-ont output/summer_expedition/Ailanthus_altissimarbcL_barcode1/consensus/Ailanthus_altissimarbcL_barcode1_top20_consensus.fasta output/summer_expedition/Ailanthus_altissimarbcL_barcode1/consensus/Ailanthus_altissimarbcL_barcode1_remaining80.fastq
[M::main] Real time: 0.008 sec; CPU: 0.005 sec; Peak RSS: 0.009 GB

2024-04-15 19:43:40,619 INFO: Minimap2 on 80% shortest reads took 0.01 seconds.
2024-04-15 19:43:40,619 INFO: Generating final consensus with racon...
2024-04-15 19:43:40,619 INFO: Running command: racon -m 8 -x -6 -g -8 -w 500 output/summer_expedition/Ailanthus_altissimarbcL_barcode1/consensus/Ailanthus_altissimarbcL_barcode1_remaining80.fastq output/summer_expedition/Ailanthus_altissimarbcL_barcode1/consensus/Ailanthus_altissimarbcL_barcode1_remaining80_reads.paf output/summer_expedition/Ailanthus_altissimarbcL_barcode1/consensus/Ailanthus_altissimarbcL_barcode1_top20_consensus.fasta > output/summer_expedition/Ailanthus_altissimarbcL_barcode1/consensus/Ailanthus_altissimarbcL_barcode1_final_consensus.fasta
2024-04-15 19:43:40,849 INFO: Command 'racon -m 8 -x -6 -g -8 -w 500 output/summer_expedition/Ailanthus_altissimarbcL_barcode1/consensus/Ailanthus_altissimarbcL_barcode1_remaining80.fastq output/summer_expedition/Ailanthus_altissimarbcL_barcode1/consensus/Ailanthus_altissimarbcL_barcode1_remaining80_reads.paf output/summer_expedition/Ailanthus_altissimarbcL_barcode1/consensus/Ailanthus_altissimarbcL_barcode1_top20_consensus.fasta > output/summer_expedition/Ailanthus_altissimarbcL_barcode1/consensus/Ailanthus_altissimarbcL_barcode1_final_consensus.fasta' took 0.23 seconds to run.
2024-04-15 19:43:40,849 ERROR: Error: [racon::Polisher::initialize] loaded target sequences 0.000103 s
[racon::Polisher::initialize] loaded sequences 0.003276 s
[racon::Polisher::initialize] loaded overlaps 0.000616 s
[racon::Polisher::initialize] aligning overlaps [=>                  ] 0.004139 s
[racon::Polisher::initialize] aligning overlaps [==>                 ] 0.005402 s
[racon::Polisher::initialize] aligning overlaps [===>                ] 0.006885 s
[racon::Polisher::initialize] aligning overlaps [====>               ] 0.007981 s
[racon::Polisher::initialize] aligning overlaps [=====>              ] 0.009299 s
[racon::Polisher::initialize] aligning overlaps [======>             ] 0.010289 s
[racon::Polisher::initialize] aligning overlaps [=======>            ] 0.011241 s
[racon::Polisher::initialize] aligning overlaps [========>           ] 0.012288 s
[racon::Polisher::initialize] aligning overlaps [=========>          ] 0.013249 s
[racon::Polisher::initialize] aligning overlaps [==========>         ] 0.013956 s
[racon::Polisher::initialize] aligning overlaps [===========>        ] 0.014899 s
[racon::Polisher::initialize] aligning overlaps [============>       ] 0.015838 s
[racon::Polisher::initialize] aligning overlaps [=============>      ] 0.016494 s
[racon::Polisher::initialize] aligning overlaps [==============>     ] 0.017051 s
[racon::Polisher::initialize] aligning overlaps [===============>    ] 0.017708 s
[racon::Polisher::initialize] aligning overlaps [================>   ] 0.018262 s
[racon::Polisher::initialize] aligning overlaps [=================>  ] 0.018769 s
[racon::Polisher::initialize] aligning overlaps [==================> ] 0.019200 s
[racon::Polisher::initialize] aligning overlaps [===================>] 0.019576 s
[racon::Polisher::initialize] aligning overlaps [====================] 0.020222 s
[racon::Polisher::initialize] transformed data into windows 0.000240 s
[racon::Polisher::polish] generated consensus 0.200009 s
[racon::Polisher::] total = 0.224828 s

2024-04-15 19:43:40,849 INFO: Racon on 80% shortest reads took 0.23 seconds.
2024-04-15 19:43:40,849 INFO: Deleting intermediate files...
2024-04-15 19:43:40,850 INFO: Minimap2 alignment took 0.11 seconds.
2024-04-15 19:43:40,850 INFO: Total Racon iterations took 0.43 seconds.
2024-04-15 19:43:40,850 INFO: Total time taken for the consensus pipeline: 0.54 seconds.
2024-04-15 19:43:40,850 INFO: Consensus pipeline completed. Total time taken: 0.54 seconds.
