2024-04-16 10:23:48,567 INFO: Running consensus pipeline...
2024-04-16 10:23:48,568 INFO: Running consensus pipeline with 80_20_best_sequence method...
2024-04-16 10:23:48,744 INFO: Running minimap2 on top 20% sequences...
2024-04-16 10:23:48,744 INFO: Running command: minimap2 -x ava-ont output/expedition_jardin_botanique/barcode78/consensus/barcode78_top20.fastq output/expedition_jardin_botanique/barcode78/consensus/barcode78_top20.fastq > output/expedition_jardin_botanique/barcode78/consensus/barcode78_top20_reads.paf
2024-04-16 10:23:49,670 INFO: Command 'minimap2 -x ava-ont output/expedition_jardin_botanique/barcode78/consensus/barcode78_top20.fastq output/expedition_jardin_botanique/barcode78/consensus/barcode78_top20.fastq > output/expedition_jardin_botanique/barcode78/consensus/barcode78_top20_reads.paf' took 0.93 seconds to run.
2024-04-16 10:23:49,670 ERROR: Error: [M::mm_idx_gen::0.011*0.35] collected minimizers
[M::mm_idx_gen::0.018*1.22] sorted minimizers
[M::main::0.018*1.22] loaded/built the index for 429 target sequence(s)
[M::mm_mapopt_update::0.020*1.21] mid_occ = 293
[M::mm_idx_stat] kmer size: 15; skip: 5; is_hpc: 0; #seq: 429
[M::mm_idx_stat::0.020*1.20] distinct minimizers: 33874 (80.49% are singletons); average occurrences: 3.102; average spacing: 2.984; total length: 313554
[M::worker_pipeline::0.920*2.81] mapped 429 sequences
[M::main] Version: 2.27-r1193
[M::main] CMD: minimap2 -x ava-ont output/expedition_jardin_botanique/barcode78/consensus/barcode78_top20.fastq output/expedition_jardin_botanique/barcode78/consensus/barcode78_top20.fastq
[M::main] Real time: 0.923 sec; CPU: 2.584 sec; Peak RSS: 0.023 GB

2024-04-16 10:23:49,670 INFO: Minimap2 on 20% longest reads took 0.93 seconds.
2024-04-16 10:23:49,670 INFO: Generating consensus with racon on top 20% sequences...
2024-04-16 10:23:49,670 INFO: Running command: racon -m 8 -x -6 -g -8 -w 500 output/expedition_jardin_botanique/barcode78/consensus/barcode78_top20.fastq output/expedition_jardin_botanique/barcode78/consensus/barcode78_top20_reads.paf output/expedition_jardin_botanique/barcode78/consensus/barcode78_top20.fastq > output/expedition_jardin_botanique/barcode78/consensus/barcode78_top20_consensus.fasta
2024-04-16 10:23:50,334 INFO: Command 'racon -m 8 -x -6 -g -8 -w 500 output/expedition_jardin_botanique/barcode78/consensus/barcode78_top20.fastq output/expedition_jardin_botanique/barcode78/consensus/barcode78_top20_reads.paf output/expedition_jardin_botanique/barcode78/consensus/barcode78_top20.fastq > output/expedition_jardin_botanique/barcode78/consensus/barcode78_top20_consensus.fasta' took 0.66 seconds to run.
2024-04-16 10:23:50,334 ERROR: Error: [racon::Polisher::initialize] loaded target sequences 0.003207 s
[racon::Polisher::initialize] loaded sequences 0.003377 s
[racon::Polisher::initialize] loaded overlaps 0.093416 s
[racon::Polisher::initialize] aligning overlaps [=>                  ] 0.013048 s
[racon::Polisher::initialize] aligning overlaps [==>                 ] 0.015780 s
[racon::Polisher::initialize] aligning overlaps [===>                ] 0.018603 s
[racon::Polisher::initialize] aligning overlaps [====>               ] 0.021697 s
[racon::Polisher::initialize] aligning overlaps [=====>              ] 0.024439 s
[racon::Polisher::initialize] aligning overlaps [======>             ] 0.028181 s
[racon::Polisher::initialize] aligning overlaps [=======>            ] 0.031656 s
[racon::Polisher::initialize] aligning overlaps [========>           ] 0.034544 s
[racon::Polisher::initialize] aligning overlaps [=========>          ] 0.036957 s
[racon::Polisher::initialize] aligning overlaps [==========>         ] 0.039378 s
[racon::Polisher::initialize] aligning overlaps [===========>        ] 0.041770 s
[racon::Polisher::initialize] aligning overlaps [============>       ] 0.044253 s
[racon::Polisher::initialize] aligning overlaps [=============>      ] 0.046528 s
[racon::Polisher::initialize] aligning overlaps [==============>     ] 0.049206 s
[racon::Polisher::initialize] aligning overlaps [===============>    ] 0.051575 s
[racon::Polisher::initialize] aligning overlaps [================>   ] 0.053916 s
[racon::Polisher::initialize] aligning overlaps [=================>  ] 0.056386 s
[racon::Polisher::initialize] aligning overlaps [==================> ] 0.058790 s
[racon::Polisher::initialize] aligning overlaps [===================>] 0.061434 s
[racon::Polisher::initialize] aligning overlaps [====================] 0.064803 s
[racon::Polisher::initialize] transformed data into windows 0.000748 s
[racon::Polisher::polish] generating consensus [=>                  ] 0.370905 s
[racon::Polisher::polish] generating consensus [==>                 ] 0.443933 s
[racon::Polisher::polish] generating consensus [===>                ] 0.453302 s
[racon::Polisher::polish] generating consensus [====>               ] 0.469521 s
[racon::Polisher::polish] generating consensus [=====>              ] 0.469544 s
[racon::Polisher::polish] generating consensus [======>             ] 0.471159 s
[racon::Polisher::polish] generating consensus [=======>            ] 0.475118 s
[racon::Polisher::polish] generating consensus [========>           ] 0.479856 s
[racon::Polisher::polish] generating consensus [=========>          ] 0.479925 s
[racon::Polisher::polish] generating consensus [==========>         ] 0.479996 s
[racon::Polisher::polish] generating consensus [===========>        ] 0.481158 s
[racon::Polisher::polish] generating consensus [============>       ] 0.481283 s
[racon::Polisher::polish] generating consensus [=============>      ] 0.481302 s
[racon::Polisher::polish] generating consensus [==============>     ] 0.481334 s
[racon::Polisher::polish] generating consensus [===============>    ] 0.482579 s
[racon::Polisher::polish] generating consensus [================>   ] 0.484092 s
[racon::Polisher::polish] generating consensus [=================>  ] 0.489512 s
[racon::Polisher::polish] generating consensus [==================> ] 0.489531 s
[racon::Polisher::polish] generating consensus [===================>] 0.489546 s
[racon::Polisher::polish] generating consensus [====================] 0.489579 s
[racon::Polisher::] total = 0.655610 s

2024-04-16 10:23:50,334 INFO: Racon on 20% longest reads took 0.66 seconds.
2024-04-16 10:23:50,335 INFO: Multiple sequences found in output/expedition_jardin_botanique/barcode78/consensus/barcode78_top20_consensus.fasta. Selecting the best alignment...
2024-04-16 10:23:51,963 INFO: Running minimap2 on remaining 80% sequences...
2024-04-16 10:23:51,963 INFO: Running command: minimap2 -x map-ont output/expedition_jardin_botanique/barcode78/consensus/barcode78_top20_consensus.fasta output/expedition_jardin_botanique/barcode78/consensus/barcode78_remaining80.fastq > output/expedition_jardin_botanique/barcode78/consensus/barcode78_remaining80_reads.paf
2024-04-16 10:23:51,992 INFO: Command 'minimap2 -x map-ont output/expedition_jardin_botanique/barcode78/consensus/barcode78_top20_consensus.fasta output/expedition_jardin_botanique/barcode78/consensus/barcode78_remaining80.fastq > output/expedition_jardin_botanique/barcode78/consensus/barcode78_remaining80_reads.paf' took 0.03 seconds to run.
2024-04-16 10:23:51,992 ERROR: Error: [M::mm_idx_gen::0.001*1.77] collected minimizers
[M::mm_idx_gen::0.002*1.53] sorted minimizers
[M::main::0.002*1.53] loaded/built the index for 1 target sequence(s)
[M::mm_mapopt_update::0.002*1.51] mid_occ = 10
[M::mm_idx_stat] kmer size: 15; skip: 10; is_hpc: 0; #seq: 1
[M::mm_idx_stat::0.002*1.50] distinct minimizers: 182 (99.45% are singletons); average occurrences: 1.005; average spacing: 5.404; total length: 989
[M::worker_pipeline::0.025*1.49] mapped 1717 sequences
[M::main] Version: 2.27-r1193
[M::main] CMD: minimap2 -x map-ont output/expedition_jardin_botanique/barcode78/consensus/barcode78_top20_consensus.fasta output/expedition_jardin_botanique/barcode78/consensus/barcode78_remaining80.fastq
[M::main] Real time: 0.026 sec; CPU: 0.038 sec; Peak RSS: 0.005 GB

2024-04-16 10:23:51,992 INFO: Minimap2 on 80% shortest reads took 0.03 seconds.
2024-04-16 10:23:51,992 INFO: Generating final consensus with racon...
2024-04-16 10:23:51,992 INFO: Running command: racon -m 8 -x -6 -g -8 -w 500 output/expedition_jardin_botanique/barcode78/consensus/barcode78_remaining80.fastq output/expedition_jardin_botanique/barcode78/consensus/barcode78_remaining80_reads.paf output/expedition_jardin_botanique/barcode78/consensus/barcode78_top20_consensus.fasta > output/expedition_jardin_botanique/barcode78/consensus/barcode78_final_consensus.fasta
2024-04-16 10:23:53,238 INFO: Command 'racon -m 8 -x -6 -g -8 -w 500 output/expedition_jardin_botanique/barcode78/consensus/barcode78_remaining80.fastq output/expedition_jardin_botanique/barcode78/consensus/barcode78_remaining80_reads.paf output/expedition_jardin_botanique/barcode78/consensus/barcode78_top20_consensus.fasta > output/expedition_jardin_botanique/barcode78/consensus/barcode78_final_consensus.fasta' took 1.25 seconds to run.
2024-04-16 10:23:53,238 ERROR: Error: [racon::Polisher::initialize] loaded target sequences 0.000071 s
[racon::Polisher::initialize] loaded sequences 0.010326 s
[racon::Polisher::initialize] loaded overlaps 0.001785 s
[racon::Polisher::initialize] aligning overlaps [=>                  ] 0.006403 s
[racon::Polisher::initialize] aligning overlaps [==>                 ] 0.009838 s
[racon::Polisher::initialize] aligning overlaps [===>                ] 0.014430 s
[racon::Polisher::initialize] aligning overlaps [====>               ] 0.018284 s
[racon::Polisher::initialize] aligning overlaps [=====>              ] 0.021690 s
[racon::Polisher::initialize] aligning overlaps [======>             ] 0.024175 s
[racon::Polisher::initialize] aligning overlaps [=======>            ] 0.026883 s
[racon::Polisher::initialize] aligning overlaps [========>           ] 0.029556 s
[racon::Polisher::initialize] aligning overlaps [=========>          ] 0.032571 s
[racon::Polisher::initialize] aligning overlaps [==========>         ] 0.037465 s
[racon::Polisher::initialize] aligning overlaps [===========>        ] 0.040452 s
[racon::Polisher::initialize] aligning overlaps [============>       ] 0.043142 s
[racon::Polisher::initialize] aligning overlaps [=============>      ] 0.046740 s
[racon::Polisher::initialize] aligning overlaps [==============>     ] 0.049595 s
[racon::Polisher::initialize] aligning overlaps [===============>    ] 0.052542 s
[racon::Polisher::initialize] aligning overlaps [================>   ] 0.055160 s
[racon::Polisher::initialize] aligning overlaps [=================>  ] 0.056585 s
[racon::Polisher::initialize] aligning overlaps [==================> ] 0.057545 s
[racon::Polisher::initialize] aligning overlaps [===================>] 0.058348 s
[racon::Polisher::initialize] aligning overlaps [====================] 0.059135 s
[racon::Polisher::initialize] transformed data into windows 0.000589 s
[racon::Polisher::polish] generated consensus 1.167305 s
[racon::Polisher::] total = 1.240040 s

2024-04-16 10:23:53,238 INFO: Racon on 80% shortest reads took 1.25 seconds.
2024-04-16 10:23:53,238 INFO: Deleting intermediate files...
2024-04-16 10:23:53,241 INFO: Minimap2 alignment took 0.95 seconds.
2024-04-16 10:23:53,241 INFO: Total Racon iterations took 1.91 seconds.
2024-04-16 10:23:53,241 INFO: Total time taken for the consensus pipeline: 2.86 seconds.
2024-04-16 10:23:53,242 INFO: Consensus pipeline completed. Total time taken: 2.86 seconds.
