2024-04-16 10:25:13,547 INFO: Running consensus pipeline...
2024-04-16 10:25:13,547 INFO: Running consensus pipeline with 80_20_best_sequence method...
2024-04-16 10:25:13,650 INFO: Running minimap2 on top 20% sequences...
2024-04-16 10:25:13,651 INFO: Running command: minimap2 -x ava-ont output/expedition_jardin_botanique/barcode90/consensus/barcode90_top20.fastq output/expedition_jardin_botanique/barcode90/consensus/barcode90_top20.fastq > output/expedition_jardin_botanique/barcode90/consensus/barcode90_top20_reads.paf
2024-04-16 10:25:13,791 INFO: Command 'minimap2 -x ava-ont output/expedition_jardin_botanique/barcode90/consensus/barcode90_top20.fastq output/expedition_jardin_botanique/barcode90/consensus/barcode90_top20.fastq > output/expedition_jardin_botanique/barcode90/consensus/barcode90_top20_reads.paf' took 0.14 seconds to run.
2024-04-16 10:25:13,791 ERROR: Error: [M::mm_idx_gen::0.006*0.39] collected minimizers
[M::mm_idx_gen::0.008*1.06] sorted minimizers
[M::main::0.008*1.06] loaded/built the index for 287 target sequence(s)
[M::mm_mapopt_update::0.009*1.06] mid_occ = 233
[M::mm_idx_stat] kmer size: 15; skip: 5; is_hpc: 0; #seq: 287
[M::mm_idx_stat::0.009*1.06] distinct minimizers: 10521 (82.45% are singletons); average occurrences: 2.892; average spacing: 3.055; total length: 92964
[M::worker_pipeline::0.136*2.36] mapped 287 sequences
[M::main] Version: 2.27-r1193
[M::main] CMD: minimap2 -x ava-ont output/expedition_jardin_botanique/barcode90/consensus/barcode90_top20.fastq output/expedition_jardin_botanique/barcode90/consensus/barcode90_top20.fastq
[M::main] Real time: 0.138 sec; CPU: 0.323 sec; Peak RSS: 0.011 GB

2024-04-16 10:25:13,791 INFO: Minimap2 on 20% longest reads took 0.14 seconds.
2024-04-16 10:25:13,791 INFO: Generating consensus with racon on top 20% sequences...
2024-04-16 10:25:13,791 INFO: Running command: racon -m 8 -x -6 -g -8 -w 500 output/expedition_jardin_botanique/barcode90/consensus/barcode90_top20.fastq output/expedition_jardin_botanique/barcode90/consensus/barcode90_top20_reads.paf output/expedition_jardin_botanique/barcode90/consensus/barcode90_top20.fastq > output/expedition_jardin_botanique/barcode90/consensus/barcode90_top20_consensus.fasta
2024-04-16 10:25:13,923 INFO: Command 'racon -m 8 -x -6 -g -8 -w 500 output/expedition_jardin_botanique/barcode90/consensus/barcode90_top20.fastq output/expedition_jardin_botanique/barcode90/consensus/barcode90_top20_reads.paf output/expedition_jardin_botanique/barcode90/consensus/barcode90_top20.fastq > output/expedition_jardin_botanique/barcode90/consensus/barcode90_top20_consensus.fasta' took 0.13 seconds to run.
2024-04-16 10:25:13,924 ERROR: Error: [racon::Polisher::initialize] loaded target sequences 0.001262 s
[racon::Polisher::initialize] loaded sequences 0.001290 s
[racon::Polisher::initialize] loaded overlaps 0.020361 s
[racon::Polisher::initialize] aligning overlaps [=>                  ] 0.003134 s
[racon::Polisher::initialize] aligning overlaps [==>                 ] 0.004074 s
[racon::Polisher::initialize] aligning overlaps [===>                ] 0.005021 s
[racon::Polisher::initialize] aligning overlaps [====>               ] 0.005905 s
[racon::Polisher::initialize] aligning overlaps [=====>              ] 0.006691 s
[racon::Polisher::initialize] aligning overlaps [======>             ] 0.007353 s
[racon::Polisher::initialize] aligning overlaps [=======>            ] 0.008049 s
[racon::Polisher::initialize] aligning overlaps [========>           ] 0.008690 s
[racon::Polisher::initialize] aligning overlaps [=========>          ] 0.009350 s
[racon::Polisher::initialize] aligning overlaps [==========>         ] 0.010011 s
[racon::Polisher::initialize] aligning overlaps [===========>        ] 0.010739 s
[racon::Polisher::initialize] aligning overlaps [============>       ] 0.011439 s
[racon::Polisher::initialize] aligning overlaps [=============>      ] 0.012093 s
[racon::Polisher::initialize] aligning overlaps [==============>     ] 0.012782 s
[racon::Polisher::initialize] aligning overlaps [===============>    ] 0.013447 s
[racon::Polisher::initialize] aligning overlaps [================>   ] 0.014127 s
[racon::Polisher::initialize] aligning overlaps [=================>  ] 0.014819 s
[racon::Polisher::initialize] aligning overlaps [==================> ] 0.015524 s
[racon::Polisher::initialize] aligning overlaps [===================>] 0.016157 s
[racon::Polisher::initialize] aligning overlaps [====================] 0.017757 s
[racon::Polisher::initialize] transformed data into windows 0.000458 s
[racon::Polisher::polish] generating consensus [=>                  ] 0.016161 s
[racon::Polisher::polish] generating consensus [==>                 ] 0.047870 s
[racon::Polisher::polish] generating consensus [===>                ] 0.052977 s
[racon::Polisher::polish] generating consensus [====>               ] 0.058724 s
[racon::Polisher::polish] generating consensus [=====>              ] 0.061598 s
[racon::Polisher::polish] generating consensus [======>             ] 0.069401 s
[racon::Polisher::polish] generating consensus [=======>            ] 0.070658 s
[racon::Polisher::polish] generating consensus [========>           ] 0.071144 s
[racon::Polisher::polish] generating consensus [=========>          ] 0.073466 s
[racon::Polisher::polish] generating consensus [==========>         ] 0.073490 s
[racon::Polisher::polish] generating consensus [===========>        ] 0.075308 s
[racon::Polisher::polish] generating consensus [============>       ] 0.075850 s
[racon::Polisher::polish] generating consensus [=============>      ] 0.075869 s
[racon::Polisher::polish] generating consensus [==============>     ] 0.076438 s
[racon::Polisher::polish] generating consensus [===============>    ] 0.076450 s
[racon::Polisher::polish] generating consensus [================>   ] 0.079557 s
[racon::Polisher::polish] generating consensus [=================>  ] 0.081066 s
[racon::Polisher::polish] generating consensus [==================> ] 0.083422 s
[racon::Polisher::polish] generating consensus [===================>] 0.084372 s
[racon::Polisher::polish] generating consensus [====================] 0.084392 s
[racon::Polisher::] total = 0.125978 s

2024-04-16 10:25:13,924 INFO: Racon on 20% longest reads took 0.13 seconds.
2024-04-16 10:25:13,924 INFO: Multiple sequences found in output/expedition_jardin_botanique/barcode90/consensus/barcode90_top20_consensus.fasta. Selecting the best alignment...
2024-04-16 10:25:14,168 INFO: Running minimap2 on remaining 80% sequences...
2024-04-16 10:25:14,169 INFO: Running command: minimap2 -x map-ont output/expedition_jardin_botanique/barcode90/consensus/barcode90_top20_consensus.fasta output/expedition_jardin_botanique/barcode90/consensus/barcode90_remaining80.fastq > output/expedition_jardin_botanique/barcode90/consensus/barcode90_remaining80_reads.paf
2024-04-16 10:25:14,184 INFO: Command 'minimap2 -x map-ont output/expedition_jardin_botanique/barcode90/consensus/barcode90_top20_consensus.fasta output/expedition_jardin_botanique/barcode90/consensus/barcode90_remaining80.fastq > output/expedition_jardin_botanique/barcode90/consensus/barcode90_remaining80_reads.paf' took 0.02 seconds to run.
2024-04-16 10:25:14,184 ERROR: Error: [M::mm_idx_gen::0.001*2.03] collected minimizers
[M::mm_idx_gen::0.002*1.08] sorted minimizers
[M::main::0.002*1.08] loaded/built the index for 1 target sequence(s)
[M::mm_mapopt_update::0.002*1.08] mid_occ = 10
[M::mm_idx_stat] kmer size: 15; skip: 10; is_hpc: 0; #seq: 1
[M::mm_idx_stat::0.002*1.08] distinct minimizers: 69 (100.00% are singletons); average occurrences: 1.000; average spacing: 4.913; total length: 339
[M::worker_pipeline::0.012*1.58] mapped 1152 sequences
[M::main] Version: 2.27-r1193
[M::main] CMD: minimap2 -x map-ont output/expedition_jardin_botanique/barcode90/consensus/barcode90_top20_consensus.fasta output/expedition_jardin_botanique/barcode90/consensus/barcode90_remaining80.fastq
[M::main] Real time: 0.012 sec; CPU: 0.019 sec; Peak RSS: 0.008 GB

2024-04-16 10:25:14,184 INFO: Minimap2 on 80% shortest reads took 0.02 seconds.
2024-04-16 10:25:14,184 INFO: Generating final consensus with racon...
2024-04-16 10:25:14,184 INFO: Running command: racon -m 8 -x -6 -g -8 -w 500 output/expedition_jardin_botanique/barcode90/consensus/barcode90_remaining80.fastq output/expedition_jardin_botanique/barcode90/consensus/barcode90_remaining80_reads.paf output/expedition_jardin_botanique/barcode90/consensus/barcode90_top20_consensus.fasta > output/expedition_jardin_botanique/barcode90/consensus/barcode90_final_consensus.fasta
2024-04-16 10:25:14,455 INFO: Command 'racon -m 8 -x -6 -g -8 -w 500 output/expedition_jardin_botanique/barcode90/consensus/barcode90_remaining80.fastq output/expedition_jardin_botanique/barcode90/consensus/barcode90_remaining80_reads.paf output/expedition_jardin_botanique/barcode90/consensus/barcode90_top20_consensus.fasta > output/expedition_jardin_botanique/barcode90/consensus/barcode90_final_consensus.fasta' took 0.27 seconds to run.
2024-04-16 10:25:14,455 ERROR: Error: [racon::Polisher::initialize] loaded target sequences 0.000086 s
[racon::Polisher::initialize] loaded sequences 0.006842 s
[racon::Polisher::initialize] loaded overlaps 0.003232 s
[racon::Polisher::initialize] aligning overlaps [=>                  ] 0.009994 s
[racon::Polisher::initialize] aligning overlaps [==>                 ] 0.011495 s
[racon::Polisher::initialize] aligning overlaps [===>                ] 0.013298 s
[racon::Polisher::initialize] aligning overlaps [====>               ] 0.015009 s
[racon::Polisher::initialize] aligning overlaps [=====>              ] 0.017012 s
[racon::Polisher::initialize] aligning overlaps [======>             ] 0.018867 s
[racon::Polisher::initialize] aligning overlaps [=======>            ] 0.020320 s
[racon::Polisher::initialize] aligning overlaps [========>           ] 0.021910 s
[racon::Polisher::initialize] aligning overlaps [=========>          ] 0.023375 s
[racon::Polisher::initialize] aligning overlaps [==========>         ] 0.024836 s
[racon::Polisher::initialize] aligning overlaps [===========>        ] 0.026177 s
[racon::Polisher::initialize] aligning overlaps [============>       ] 0.027593 s
[racon::Polisher::initialize] aligning overlaps [=============>      ] 0.028915 s
[racon::Polisher::initialize] aligning overlaps [==============>     ] 0.030134 s
[racon::Polisher::initialize] aligning overlaps [===============>    ] 0.031649 s
[racon::Polisher::initialize] aligning overlaps [================>   ] 0.032793 s
[racon::Polisher::initialize] aligning overlaps [=================>  ] 0.034265 s
[racon::Polisher::initialize] aligning overlaps [==================> ] 0.035246 s
[racon::Polisher::initialize] aligning overlaps [===================>] 0.037024 s
[racon::Polisher::initialize] aligning overlaps [====================] 0.037034 s
[racon::Polisher::initialize] transformed data into windows 0.000688 s
[racon::Polisher::polish] generated consensus 0.214155 s
[racon::Polisher::] total = 0.262795 s

2024-04-16 10:25:14,455 INFO: Racon on 80% shortest reads took 0.27 seconds.
2024-04-16 10:25:14,455 INFO: Deleting intermediate files...
2024-04-16 10:25:14,457 INFO: Minimap2 alignment took 0.16 seconds.
2024-04-16 10:25:14,457 INFO: Total Racon iterations took 0.40 seconds.
2024-04-16 10:25:14,457 INFO: Total time taken for the consensus pipeline: 0.56 seconds.
2024-04-16 10:25:14,457 INFO: Consensus pipeline completed. Total time taken: 0.56 seconds.
