2024-04-16 10:25:17,949 INFO: Running consensus pipeline...
2024-04-16 10:25:17,949 INFO: Running consensus pipeline with 80_20_best_sequence method...
2024-04-16 10:25:18,000 INFO: Running minimap2 on top 20% sequences...
2024-04-16 10:25:18,000 INFO: Running command: minimap2 -x ava-ont output/expedition_jardin_botanique/barcode91/consensus/barcode91_top20.fastq output/expedition_jardin_botanique/barcode91/consensus/barcode91_top20.fastq > output/expedition_jardin_botanique/barcode91/consensus/barcode91_top20_reads.paf
2024-04-16 10:25:18,057 INFO: Command 'minimap2 -x ava-ont output/expedition_jardin_botanique/barcode91/consensus/barcode91_top20.fastq output/expedition_jardin_botanique/barcode91/consensus/barcode91_top20.fastq > output/expedition_jardin_botanique/barcode91/consensus/barcode91_top20_reads.paf' took 0.06 seconds to run.
2024-04-16 10:25:18,057 ERROR: Error: [M::mm_idx_gen::0.005*0.39] collected minimizers
[M::mm_idx_gen::0.007*0.79] sorted minimizers
[M::main::0.007*0.79] loaded/built the index for 142 target sequence(s)
[M::mm_mapopt_update::0.007*0.80] mid_occ = 119
[M::mm_idx_stat] kmer size: 15; skip: 5; is_hpc: 0; #seq: 142
[M::mm_idx_stat::0.007*0.81] distinct minimizers: 7791 (84.89% are singletons); average occurrences: 2.377; average spacing: 2.974; total length: 55071
[M::worker_pipeline::0.053*2.43] mapped 142 sequences
[M::main] Version: 2.27-r1193
[M::main] CMD: minimap2 -x ava-ont output/expedition_jardin_botanique/barcode91/consensus/barcode91_top20.fastq output/expedition_jardin_botanique/barcode91/consensus/barcode91_top20.fastq
[M::main] Real time: 0.054 sec; CPU: 0.130 sec; Peak RSS: 0.007 GB

2024-04-16 10:25:18,057 INFO: Minimap2 on 20% longest reads took 0.06 seconds.
2024-04-16 10:25:18,057 INFO: Generating consensus with racon on top 20% sequences...
2024-04-16 10:25:18,057 INFO: Running command: racon -m 8 -x -6 -g -8 -w 500 output/expedition_jardin_botanique/barcode91/consensus/barcode91_top20.fastq output/expedition_jardin_botanique/barcode91/consensus/barcode91_top20_reads.paf output/expedition_jardin_botanique/barcode91/consensus/barcode91_top20.fastq > output/expedition_jardin_botanique/barcode91/consensus/barcode91_top20_consensus.fasta
2024-04-16 10:25:18,119 INFO: Command 'racon -m 8 -x -6 -g -8 -w 500 output/expedition_jardin_botanique/barcode91/consensus/barcode91_top20.fastq output/expedition_jardin_botanique/barcode91/consensus/barcode91_top20_reads.paf output/expedition_jardin_botanique/barcode91/consensus/barcode91_top20.fastq > output/expedition_jardin_botanique/barcode91/consensus/barcode91_top20_consensus.fasta' took 0.06 seconds to run.
2024-04-16 10:25:18,120 ERROR: Error: [racon::Polisher::initialize] loaded target sequences 0.000758 s
[racon::Polisher::initialize] loaded sequences 0.000696 s
[racon::Polisher::initialize] loaded overlaps 0.005113 s
[racon::Polisher::initialize] aligning overlaps [=>                  ] 0.000847 s
[racon::Polisher::initialize] aligning overlaps [==>                 ] 0.001226 s
[racon::Polisher::initialize] aligning overlaps [===>                ] 0.001545 s
[racon::Polisher::initialize] aligning overlaps [====>               ] 0.001879 s
[racon::Polisher::initialize] aligning overlaps [=====>              ] 0.002253 s
[racon::Polisher::initialize] aligning overlaps [======>             ] 0.002592 s
[racon::Polisher::initialize] aligning overlaps [=======>            ] 0.002953 s
[racon::Polisher::initialize] aligning overlaps [========>           ] 0.003304 s
[racon::Polisher::initialize] aligning overlaps [=========>          ] 0.003665 s
[racon::Polisher::initialize] aligning overlaps [==========>         ] 0.003997 s
[racon::Polisher::initialize] aligning overlaps [===========>        ] 0.004354 s
[racon::Polisher::initialize] aligning overlaps [============>       ] 0.004686 s
[racon::Polisher::initialize] aligning overlaps [=============>      ] 0.005017 s
[racon::Polisher::initialize] aligning overlaps [==============>     ] 0.005366 s
[racon::Polisher::initialize] aligning overlaps [===============>    ] 0.005713 s
[racon::Polisher::initialize] aligning overlaps [================>   ] 0.006063 s
[racon::Polisher::initialize] aligning overlaps [=================>  ] 0.006389 s
[racon::Polisher::initialize] aligning overlaps [==================> ] 0.007174 s
[racon::Polisher::initialize] aligning overlaps [===================>] 0.007184 s
[racon::Polisher::initialize] aligning overlaps [====================] 0.008131 s
[racon::Polisher::initialize] transformed data into windows 0.000146 s
[racon::Polisher::polish] generating consensus [=>                  ] 0.000082 s
[racon::Polisher::polish] generating consensus [==>                 ] 0.001288 s
[racon::Polisher::polish] generating consensus [===>                ] 0.007768 s
[racon::Polisher::polish] generating consensus [====>               ] 0.029831 s
[racon::Polisher::polish] generating consensus [=====>              ] 0.032905 s
[racon::Polisher::polish] generating consensus [======>             ] 0.035135 s
[racon::Polisher::polish] generating consensus [=======>            ] 0.037281 s
[racon::Polisher::polish] generating consensus [========>           ] 0.038849 s
[racon::Polisher::polish] generating consensus [=========>          ] 0.038863 s
[racon::Polisher::polish] generating consensus [==========>         ] 0.038876 s
[racon::Polisher::polish] generating consensus [===========>        ] 0.038885 s
[racon::Polisher::polish] generating consensus [============>       ] 0.038921 s
[racon::Polisher::polish] generating consensus [=============>      ] 0.038932 s
[racon::Polisher::polish] generating consensus [==============>     ] 0.038940 s
[racon::Polisher::polish] generating consensus [===============>    ] 0.038947 s
[racon::Polisher::polish] generating consensus [================>   ] 0.040822 s
[racon::Polisher::polish] generating consensus [=================>  ] 0.040831 s
[racon::Polisher::polish] generating consensus [==================> ] 0.040835 s
[racon::Polisher::polish] generating consensus [===================>] 0.040840 s
[racon::Polisher::polish] generating consensus [====================] 0.040846 s
[racon::Polisher::] total = 0.055896 s

2024-04-16 10:25:18,120 INFO: Racon on 20% longest reads took 0.06 seconds.
2024-04-16 10:25:18,120 INFO: Multiple sequences found in output/expedition_jardin_botanique/barcode91/consensus/barcode91_top20_consensus.fasta. Selecting the best alignment...
2024-04-16 10:25:18,295 INFO: Running minimap2 on remaining 80% sequences...
2024-04-16 10:25:18,296 INFO: Running command: minimap2 -x map-ont output/expedition_jardin_botanique/barcode91/consensus/barcode91_top20_consensus.fasta output/expedition_jardin_botanique/barcode91/consensus/barcode91_remaining80.fastq > output/expedition_jardin_botanique/barcode91/consensus/barcode91_remaining80_reads.paf
2024-04-16 10:25:18,307 INFO: Command 'minimap2 -x map-ont output/expedition_jardin_botanique/barcode91/consensus/barcode91_top20_consensus.fasta output/expedition_jardin_botanique/barcode91/consensus/barcode91_remaining80.fastq > output/expedition_jardin_botanique/barcode91/consensus/barcode91_remaining80_reads.paf' took 0.01 seconds to run.
2024-04-16 10:25:18,307 ERROR: Error: [M::mm_idx_gen::0.001*1.96] collected minimizers
[M::mm_idx_gen::0.002*1.45] sorted minimizers
[M::main::0.002*1.45] loaded/built the index for 1 target sequence(s)
[M::mm_mapopt_update::0.002*1.43] mid_occ = 10
[M::mm_idx_stat] kmer size: 15; skip: 10; is_hpc: 0; #seq: 1
[M::mm_idx_stat::0.002*1.42] distinct minimizers: 83 (92.77% are singletons); average occurrences: 1.072; average spacing: 5.270; total length: 469
[M::worker_pipeline::0.008*0.56] mapped 572 sequences
[M::main] Version: 2.27-r1193
[M::main] CMD: minimap2 -x map-ont output/expedition_jardin_botanique/barcode91/consensus/barcode91_top20_consensus.fasta output/expedition_jardin_botanique/barcode91/consensus/barcode91_remaining80.fastq
[M::main] Real time: 0.009 sec; CPU: 0.005 sec; Peak RSS: 0.005 GB

2024-04-16 10:25:18,307 INFO: Minimap2 on 80% shortest reads took 0.01 seconds.
2024-04-16 10:25:18,307 INFO: Generating final consensus with racon...
2024-04-16 10:25:18,307 INFO: Running command: racon -m 8 -x -6 -g -8 -w 500 output/expedition_jardin_botanique/barcode91/consensus/barcode91_remaining80.fastq output/expedition_jardin_botanique/barcode91/consensus/barcode91_remaining80_reads.paf output/expedition_jardin_botanique/barcode91/consensus/barcode91_top20_consensus.fasta > output/expedition_jardin_botanique/barcode91/consensus/barcode91_final_consensus.fasta
2024-04-16 10:25:18,461 INFO: Command 'racon -m 8 -x -6 -g -8 -w 500 output/expedition_jardin_botanique/barcode91/consensus/barcode91_remaining80.fastq output/expedition_jardin_botanique/barcode91/consensus/barcode91_remaining80_reads.paf output/expedition_jardin_botanique/barcode91/consensus/barcode91_top20_consensus.fasta > output/expedition_jardin_botanique/barcode91/consensus/barcode91_final_consensus.fasta' took 0.15 seconds to run.
2024-04-16 10:25:18,462 ERROR: Error: [racon::Polisher::initialize] loaded target sequences 0.000066 s
[racon::Polisher::initialize] loaded sequences 0.002290 s
[racon::Polisher::initialize] loaded overlaps 0.000768 s
[racon::Polisher::initialize] aligning overlaps [=>                  ] 0.002379 s
[racon::Polisher::initialize] aligning overlaps [==>                 ] 0.002674 s
[racon::Polisher::initialize] aligning overlaps [===>                ] 0.003481 s
[racon::Polisher::initialize] aligning overlaps [====>               ] 0.004899 s
[racon::Polisher::initialize] aligning overlaps [=====>              ] 0.004955 s
[racon::Polisher::initialize] aligning overlaps [======>             ] 0.005963 s
[racon::Polisher::initialize] aligning overlaps [=======>            ] 0.006186 s
[racon::Polisher::initialize] aligning overlaps [========>           ] 0.006940 s
[racon::Polisher::initialize] aligning overlaps [=========>          ] 0.007711 s
[racon::Polisher::initialize] aligning overlaps [==========>         ] 0.008474 s
[racon::Polisher::initialize] aligning overlaps [===========>        ] 0.009185 s
[racon::Polisher::initialize] aligning overlaps [============>       ] 0.009878 s
[racon::Polisher::initialize] aligning overlaps [=============>      ] 0.010562 s
[racon::Polisher::initialize] aligning overlaps [==============>     ] 0.011234 s
[racon::Polisher::initialize] aligning overlaps [===============>    ] 0.011872 s
[racon::Polisher::initialize] aligning overlaps [================>   ] 0.012482 s
[racon::Polisher::initialize] aligning overlaps [=================>  ] 0.013096 s
[racon::Polisher::initialize] aligning overlaps [==================> ] 0.013763 s
[racon::Polisher::initialize] aligning overlaps [===================>] 0.014384 s
[racon::Polisher::initialize] aligning overlaps [====================] 0.015225 s
[racon::Polisher::initialize] transformed data into windows 0.000162 s
[racon::Polisher::polish] generated consensus 0.128909 s
[racon::Polisher::] total = 0.147925 s

2024-04-16 10:25:18,462 INFO: Racon on 80% shortest reads took 0.15 seconds.
2024-04-16 10:25:18,462 INFO: Deleting intermediate files...
2024-04-16 10:25:18,462 INFO: Minimap2 alignment took 0.07 seconds.
2024-04-16 10:25:18,462 INFO: Total Racon iterations took 0.22 seconds.
2024-04-16 10:25:18,462 INFO: Total time taken for the consensus pipeline: 0.28 seconds.
2024-04-16 10:25:18,462 INFO: Consensus pipeline completed. Total time taken: 0.28 seconds.
