2024-04-16 10:24:43,655 INFO: Running consensus pipeline...
2024-04-16 10:24:43,655 INFO: Running consensus pipeline with 80_20_best_sequence method...
2024-04-16 10:24:43,871 INFO: Running minimap2 on top 20% sequences...
2024-04-16 10:24:43,871 INFO: Running command: minimap2 -x ava-ont output/expedition_jardin_botanique/barcode85/consensus/barcode85_top20.fastq output/expedition_jardin_botanique/barcode85/consensus/barcode85_top20.fastq > output/expedition_jardin_botanique/barcode85/consensus/barcode85_top20_reads.paf
2024-04-16 10:24:45,337 INFO: Command 'minimap2 -x ava-ont output/expedition_jardin_botanique/barcode85/consensus/barcode85_top20.fastq output/expedition_jardin_botanique/barcode85/consensus/barcode85_top20.fastq > output/expedition_jardin_botanique/barcode85/consensus/barcode85_top20_reads.paf' took 1.47 seconds to run.
2024-04-16 10:24:45,338 ERROR: Error: [M::mm_idx_gen::0.015*0.48] collected minimizers
[M::mm_idx_gen::0.023*1.15] sorted minimizers
[M::main::0.023*1.15] loaded/built the index for 477 target sequence(s)
[M::mm_mapopt_update::0.024*1.14] mid_occ = 330
[M::mm_idx_stat] kmer size: 15; skip: 5; is_hpc: 0; #seq: 477
[M::mm_idx_stat::0.025*1.14] distinct minimizers: 33342 (80.77% are singletons); average occurrences: 3.461; average spacing: 3.047; total length: 351651
[M::worker_pipeline::1.461*2.85] mapped 477 sequences
[M::main] Version: 2.27-r1193
[M::main] CMD: minimap2 -x ava-ont output/expedition_jardin_botanique/barcode85/consensus/barcode85_top20.fastq output/expedition_jardin_botanique/barcode85/consensus/barcode85_top20.fastq
[M::main] Real time: 1.463 sec; CPU: 4.164 sec; Peak RSS: 0.029 GB

2024-04-16 10:24:45,338 INFO: Minimap2 on 20% longest reads took 1.47 seconds.
2024-04-16 10:24:45,338 INFO: Generating consensus with racon on top 20% sequences...
2024-04-16 10:24:45,338 INFO: Running command: racon -m 8 -x -6 -g -8 -w 500 output/expedition_jardin_botanique/barcode85/consensus/barcode85_top20.fastq output/expedition_jardin_botanique/barcode85/consensus/barcode85_top20_reads.paf output/expedition_jardin_botanique/barcode85/consensus/barcode85_top20.fastq > output/expedition_jardin_botanique/barcode85/consensus/barcode85_top20_consensus.fasta
2024-04-16 10:24:45,940 INFO: Command 'racon -m 8 -x -6 -g -8 -w 500 output/expedition_jardin_botanique/barcode85/consensus/barcode85_top20.fastq output/expedition_jardin_botanique/barcode85/consensus/barcode85_top20_reads.paf output/expedition_jardin_botanique/barcode85/consensus/barcode85_top20.fastq > output/expedition_jardin_botanique/barcode85/consensus/barcode85_top20_consensus.fasta' took 0.60 seconds to run.
2024-04-16 10:24:45,941 ERROR: Error: [racon::Polisher::initialize] loaded target sequences 0.004144 s
[racon::Polisher::initialize] loaded sequences 0.003710 s
[racon::Polisher::initialize] loaded overlaps 0.104734 s
[racon::Polisher::initialize] aligning overlaps [=>                  ] 0.012433 s
[racon::Polisher::initialize] aligning overlaps [==>                 ] 0.015284 s
[racon::Polisher::initialize] aligning overlaps [===>                ] 0.017884 s
[racon::Polisher::initialize] aligning overlaps [====>               ] 0.020276 s
[racon::Polisher::initialize] aligning overlaps [=====>              ] 0.022695 s
[racon::Polisher::initialize] aligning overlaps [======>             ] 0.025186 s
[racon::Polisher::initialize] aligning overlaps [=======>            ] 0.028192 s
[racon::Polisher::initialize] aligning overlaps [========>           ] 0.030822 s
[racon::Polisher::initialize] aligning overlaps [=========>          ] 0.033269 s
[racon::Polisher::initialize] aligning overlaps [==========>         ] 0.035932 s
[racon::Polisher::initialize] aligning overlaps [===========>        ] 0.038589 s
[racon::Polisher::initialize] aligning overlaps [============>       ] 0.042064 s
[racon::Polisher::initialize] aligning overlaps [=============>      ] 0.047276 s
[racon::Polisher::initialize] aligning overlaps [==============>     ] 0.053963 s
[racon::Polisher::initialize] aligning overlaps [===============>    ] 0.060326 s
[racon::Polisher::initialize] aligning overlaps [================>   ] 0.063441 s
[racon::Polisher::initialize] aligning overlaps [=================>  ] 0.065989 s
[racon::Polisher::initialize] aligning overlaps [==================> ] 0.068533 s
[racon::Polisher::initialize] aligning overlaps [===================>] 0.071041 s
[racon::Polisher::initialize] aligning overlaps [====================] 0.076533 s
[racon::Polisher::initialize] transformed data into windows 0.000962 s
[racon::Polisher::polish] generating consensus [=>                  ] 0.231686 s
[racon::Polisher::polish] generating consensus [==>                 ] 0.287607 s
[racon::Polisher::polish] generating consensus [===>                ] 0.319143 s
[racon::Polisher::polish] generating consensus [====>               ] 0.325750 s
[racon::Polisher::polish] generating consensus [=====>              ] 0.354080 s
[racon::Polisher::polish] generating consensus [======>             ] 0.368472 s
[racon::Polisher::polish] generating consensus [=======>            ] 0.371690 s
[racon::Polisher::polish] generating consensus [========>           ] 0.371831 s
[racon::Polisher::polish] generating consensus [=========>          ] 0.381589 s
[racon::Polisher::polish] generating consensus [==========>         ] 0.387157 s
[racon::Polisher::polish] generating consensus [===========>        ] 0.393515 s
[racon::Polisher::polish] generating consensus [============>       ] 0.393600 s
[racon::Polisher::polish] generating consensus [=============>      ] 0.393619 s
[racon::Polisher::polish] generating consensus [==============>     ] 0.396047 s
[racon::Polisher::polish] generating consensus [===============>    ] 0.400124 s
[racon::Polisher::polish] generating consensus [================>   ] 0.400155 s
[racon::Polisher::polish] generating consensus [=================>  ] 0.401562 s
[racon::Polisher::polish] generating consensus [==================> ] 0.401693 s
[racon::Polisher::polish] generating consensus [===================>] 0.404925 s
[racon::Polisher::polish] generating consensus [====================] 0.404946 s
[racon::Polisher::] total = 0.595550 s

2024-04-16 10:24:45,941 INFO: Racon on 20% longest reads took 0.60 seconds.
2024-04-16 10:24:45,941 INFO: Multiple sequences found in output/expedition_jardin_botanique/barcode85/consensus/barcode85_top20_consensus.fasta. Selecting the best alignment...
2024-04-16 10:24:47,883 INFO: Running minimap2 on remaining 80% sequences...
2024-04-16 10:24:47,883 INFO: Running command: minimap2 -x map-ont output/expedition_jardin_botanique/barcode85/consensus/barcode85_top20_consensus.fasta output/expedition_jardin_botanique/barcode85/consensus/barcode85_remaining80.fastq > output/expedition_jardin_botanique/barcode85/consensus/barcode85_remaining80_reads.paf
2024-04-16 10:24:47,917 INFO: Command 'minimap2 -x map-ont output/expedition_jardin_botanique/barcode85/consensus/barcode85_top20_consensus.fasta output/expedition_jardin_botanique/barcode85/consensus/barcode85_remaining80.fastq > output/expedition_jardin_botanique/barcode85/consensus/barcode85_remaining80_reads.paf' took 0.03 seconds to run.
2024-04-16 10:24:47,917 ERROR: Error: [M::mm_idx_gen::0.001*1.39] collected minimizers
[M::mm_idx_gen::0.002*1.12] sorted minimizers
[M::main::0.002*1.12] loaded/built the index for 1 target sequence(s)
[M::mm_mapopt_update::0.002*1.12] mid_occ = 10
[M::mm_idx_stat] kmer size: 15; skip: 10; is_hpc: 0; #seq: 1
[M::mm_idx_stat::0.002*1.12] distinct minimizers: 138 (93.48% are singletons); average occurrences: 1.065; average spacing: 5.190; total length: 763
[M::worker_pipeline::0.031*1.78] mapped 1909 sequences
[M::main] Version: 2.27-r1193
[M::main] CMD: minimap2 -x map-ont output/expedition_jardin_botanique/barcode85/consensus/barcode85_top20_consensus.fasta output/expedition_jardin_botanique/barcode85/consensus/barcode85_remaining80.fastq
[M::main] Real time: 0.031 sec; CPU: 0.055 sec; Peak RSS: 0.005 GB

2024-04-16 10:24:47,917 INFO: Minimap2 on 80% shortest reads took 0.03 seconds.
2024-04-16 10:24:47,917 INFO: Generating final consensus with racon...
2024-04-16 10:24:47,917 INFO: Running command: racon -m 8 -x -6 -g -8 -w 500 output/expedition_jardin_botanique/barcode85/consensus/barcode85_remaining80.fastq output/expedition_jardin_botanique/barcode85/consensus/barcode85_remaining80_reads.paf output/expedition_jardin_botanique/barcode85/consensus/barcode85_top20_consensus.fasta > output/expedition_jardin_botanique/barcode85/consensus/barcode85_final_consensus.fasta
2024-04-16 10:24:50,126 INFO: Command 'racon -m 8 -x -6 -g -8 -w 500 output/expedition_jardin_botanique/barcode85/consensus/barcode85_remaining80.fastq output/expedition_jardin_botanique/barcode85/consensus/barcode85_remaining80_reads.paf output/expedition_jardin_botanique/barcode85/consensus/barcode85_top20_consensus.fasta > output/expedition_jardin_botanique/barcode85/consensus/barcode85_final_consensus.fasta' took 2.21 seconds to run.
2024-04-16 10:24:50,126 ERROR: Error: [racon::Polisher::initialize] loaded target sequences 0.000058 s
[racon::Polisher::initialize] loaded sequences 0.009612 s
[racon::Polisher::initialize] loaded overlaps 0.003810 s
[racon::Polisher::initialize] aligning overlaps [=>                  ] 0.013790 s
[racon::Polisher::initialize] aligning overlaps [==>                 ] 0.020309 s
[racon::Polisher::initialize] aligning overlaps [===>                ] 0.027100 s
[racon::Polisher::initialize] aligning overlaps [====>               ] 0.034771 s
[racon::Polisher::initialize] aligning overlaps [=====>              ] 0.039997 s
[racon::Polisher::initialize] aligning overlaps [======>             ] 0.045721 s
[racon::Polisher::initialize] aligning overlaps [=======>            ] 0.051067 s
[racon::Polisher::initialize] aligning overlaps [========>           ] 0.055613 s
[racon::Polisher::initialize] aligning overlaps [=========>          ] 0.058570 s
[racon::Polisher::initialize] aligning overlaps [==========>         ] 0.061188 s
[racon::Polisher::initialize] aligning overlaps [===========>        ] 0.063829 s
[racon::Polisher::initialize] aligning overlaps [============>       ] 0.066438 s
[racon::Polisher::initialize] aligning overlaps [=============>      ] 0.068889 s
[racon::Polisher::initialize] aligning overlaps [==============>     ] 0.071139 s
[racon::Polisher::initialize] aligning overlaps [===============>    ] 0.073740 s
[racon::Polisher::initialize] aligning overlaps [================>   ] 0.076102 s
[racon::Polisher::initialize] aligning overlaps [=================>  ] 0.078455 s
[racon::Polisher::initialize] aligning overlaps [==================> ] 0.080485 s
[racon::Polisher::initialize] aligning overlaps [===================>] 0.082078 s
[racon::Polisher::initialize] aligning overlaps [====================] 0.083438 s
[racon::Polisher::initialize] transformed data into windows 0.000837 s
[racon::Polisher::polish] generated consensus 2.101770 s
[racon::Polisher::] total = 2.200869 s

2024-04-16 10:24:50,126 INFO: Racon on 80% shortest reads took 2.21 seconds.
2024-04-16 10:24:50,126 INFO: Deleting intermediate files...
2024-04-16 10:24:50,132 INFO: Minimap2 alignment took 1.50 seconds.
2024-04-16 10:24:50,132 INFO: Total Racon iterations took 2.81 seconds.
2024-04-16 10:24:50,132 INFO: Total time taken for the consensus pipeline: 4.31 seconds.
2024-04-16 10:24:50,132 INFO: Consensus pipeline completed. Total time taken: 4.31 seconds.
