2024-04-16 10:22:56,332 INFO: Running consensus pipeline...
2024-04-16 10:22:56,332 INFO: Running consensus pipeline with 80_20_best_sequence method...
2024-04-16 10:22:56,990 INFO: Running minimap2 on top 20% sequences...
2024-04-16 10:22:56,990 INFO: Running command: minimap2 -x ava-ont output/expedition_jardin_botanique/barcode74/consensus/barcode74_top20.fastq output/expedition_jardin_botanique/barcode74/consensus/barcode74_top20.fastq > output/expedition_jardin_botanique/barcode74/consensus/barcode74_top20_reads.paf
2024-04-16 10:23:02,883 INFO: Command 'minimap2 -x ava-ont output/expedition_jardin_botanique/barcode74/consensus/barcode74_top20.fastq output/expedition_jardin_botanique/barcode74/consensus/barcode74_top20.fastq > output/expedition_jardin_botanique/barcode74/consensus/barcode74_top20_reads.paf' took 5.89 seconds to run.
2024-04-16 10:23:02,883 ERROR: Error: [M::mm_idx_gen::0.078*1.00] collected minimizers
[M::mm_idx_gen::0.117*1.52] sorted minimizers
[M::main::0.117*1.52] loaded/built the index for 1706 target sequence(s)
[M::mm_mapopt_update::0.121*1.50] mid_occ = 888
[M::mm_idx_stat] kmer size: 15; skip: 5; is_hpc: 0; #seq: 1706
[M::mm_idx_stat::0.123*1.49] distinct minimizers: 93849 (79.17% are singletons); average occurrences: 3.767; average spacing: 3.001; total length: 1060966
[M::worker_pipeline::5.882*2.74] mapped 1706 sequences
[M::main] Version: 2.27-r1193
[M::main] CMD: minimap2 -x ava-ont output/expedition_jardin_botanique/barcode74/consensus/barcode74_top20.fastq output/expedition_jardin_botanique/barcode74/consensus/barcode74_top20.fastq
[M::main] Real time: 5.888 sec; CPU: 16.124 sec; Peak RSS: 0.096 GB

2024-04-16 10:23:02,883 INFO: Minimap2 on 20% longest reads took 5.89 seconds.
2024-04-16 10:23:02,883 INFO: Generating consensus with racon on top 20% sequences...
2024-04-16 10:23:02,883 INFO: Running command: racon -m 8 -x -6 -g -8 -w 500 output/expedition_jardin_botanique/barcode74/consensus/barcode74_top20.fastq output/expedition_jardin_botanique/barcode74/consensus/barcode74_top20_reads.paf output/expedition_jardin_botanique/barcode74/consensus/barcode74_top20.fastq > output/expedition_jardin_botanique/barcode74/consensus/barcode74_top20_consensus.fasta
2024-04-16 10:23:05,451 INFO: Command 'racon -m 8 -x -6 -g -8 -w 500 output/expedition_jardin_botanique/barcode74/consensus/barcode74_top20.fastq output/expedition_jardin_botanique/barcode74/consensus/barcode74_top20_reads.paf output/expedition_jardin_botanique/barcode74/consensus/barcode74_top20.fastq > output/expedition_jardin_botanique/barcode74/consensus/barcode74_top20_consensus.fasta' took 2.57 seconds to run.
2024-04-16 10:23:05,451 ERROR: Error: [racon::Polisher::initialize] loaded target sequences 0.012278 s
[racon::Polisher::initialize] loaded sequences 0.015852 s
[racon::Polisher::initialize] loaded overlaps 1.036139 s
[racon::Polisher::initialize] aligning overlaps [=>                  ] 0.015185 s
[racon::Polisher::initialize] aligning overlaps [==>                 ] 0.029728 s
[racon::Polisher::initialize] aligning overlaps [===>                ] 0.043027 s
[racon::Polisher::initialize] aligning overlaps [====>               ] 0.056320 s
[racon::Polisher::initialize] aligning overlaps [=====>              ] 0.070694 s
[racon::Polisher::initialize] aligning overlaps [======>             ] 0.080993 s
[racon::Polisher::initialize] aligning overlaps [=======>            ] 0.089704 s
[racon::Polisher::initialize] aligning overlaps [========>           ] 0.099942 s
[racon::Polisher::initialize] aligning overlaps [=========>          ] 0.110994 s
[racon::Polisher::initialize] aligning overlaps [==========>         ] 0.121404 s
[racon::Polisher::initialize] aligning overlaps [===========>        ] 0.130375 s
[racon::Polisher::initialize] aligning overlaps [============>       ] 0.139424 s
[racon::Polisher::initialize] aligning overlaps [=============>      ] 0.149000 s
[racon::Polisher::initialize] aligning overlaps [==============>     ] 0.160627 s
[racon::Polisher::initialize] aligning overlaps [===============>    ] 0.171884 s
[racon::Polisher::initialize] aligning overlaps [================>   ] 0.180533 s
[racon::Polisher::initialize] aligning overlaps [=================>  ] 0.187561 s
[racon::Polisher::initialize] aligning overlaps [==================> ] 0.194703 s
[racon::Polisher::initialize] aligning overlaps [===================>] 0.201779 s
[racon::Polisher::initialize] aligning overlaps [====================] 0.210133 s
[racon::Polisher::initialize] transformed data into windows 0.003768 s
[racon::Polisher::polish] generating consensus [=>                  ] 0.727528 s
[racon::Polisher::polish] generating consensus [==>                 ] 0.817523 s
[racon::Polisher::polish] generating consensus [===>                ] 0.914927 s
[racon::Polisher::polish] generating consensus [====>               ] 0.974747 s
[racon::Polisher::polish] generating consensus [=====>              ] 1.013857 s
[racon::Polisher::polish] generating consensus [======>             ] 1.042040 s
[racon::Polisher::polish] generating consensus [=======>            ] 1.083017 s
[racon::Polisher::polish] generating consensus [========>           ] 1.095238 s
[racon::Polisher::polish] generating consensus [=========>          ] 1.097564 s
[racon::Polisher::polish] generating consensus [==========>         ] 1.127271 s
[racon::Polisher::polish] generating consensus [===========>        ] 1.188778 s
[racon::Polisher::polish] generating consensus [============>       ] 1.199952 s
[racon::Polisher::polish] generating consensus [=============>      ] 1.202212 s
[racon::Polisher::polish] generating consensus [==============>     ] 1.226985 s
[racon::Polisher::polish] generating consensus [===============>    ] 1.257871 s
[racon::Polisher::polish] generating consensus [================>   ] 1.263298 s
[racon::Polisher::polish] generating consensus [=================>  ] 1.264332 s
[racon::Polisher::polish] generating consensus [==================> ] 1.269103 s
[racon::Polisher::polish] generating consensus [===================>] 1.271357 s
[racon::Polisher::polish] generating consensus [====================] 1.273393 s
[racon::Polisher::] total = 2.552970 s

2024-04-16 10:23:05,451 INFO: Racon on 20% longest reads took 2.57 seconds.
2024-04-16 10:23:05,453 INFO: Multiple sequences found in output/expedition_jardin_botanique/barcode74/consensus/barcode74_top20_consensus.fasta. Selecting the best alignment...
2024-04-16 10:23:12,173 INFO: Running minimap2 on remaining 80% sequences...
2024-04-16 10:23:12,173 INFO: Running command: minimap2 -x map-ont output/expedition_jardin_botanique/barcode74/consensus/barcode74_top20_consensus.fasta output/expedition_jardin_botanique/barcode74/consensus/barcode74_remaining80.fastq > output/expedition_jardin_botanique/barcode74/consensus/barcode74_remaining80_reads.paf
2024-04-16 10:23:12,221 INFO: Command 'minimap2 -x map-ont output/expedition_jardin_botanique/barcode74/consensus/barcode74_top20_consensus.fasta output/expedition_jardin_botanique/barcode74/consensus/barcode74_remaining80.fastq > output/expedition_jardin_botanique/barcode74/consensus/barcode74_remaining80_reads.paf' took 0.05 seconds to run.
2024-04-16 10:23:12,221 ERROR: Error: [M::mm_idx_gen::0.001*1.41] collected minimizers
[M::mm_idx_gen::0.002*1.00] sorted minimizers
[M::main::0.002*1.00] loaded/built the index for 1 target sequence(s)
[M::mm_mapopt_update::0.002*1.00] mid_occ = 10
[M::mm_idx_stat] kmer size: 15; skip: 10; is_hpc: 0; #seq: 1
[M::mm_idx_stat::0.002*1.00] distinct minimizers: 156 (100.00% are singletons); average occurrences: 1.000; average spacing: 5.513; total length: 860
[M::worker_pipeline::0.045*1.78] mapped 6826 sequences
[M::main] Version: 2.27-r1193
[M::main] CMD: minimap2 -x map-ont output/expedition_jardin_botanique/barcode74/consensus/barcode74_top20_consensus.fasta output/expedition_jardin_botanique/barcode74/consensus/barcode74_remaining80.fastq
[M::main] Real time: 0.045 sec; CPU: 0.079 sec; Peak RSS: 0.008 GB

2024-04-16 10:23:12,221 INFO: Minimap2 on 80% shortest reads took 0.05 seconds.
2024-04-16 10:23:12,221 INFO: Generating final consensus with racon...
2024-04-16 10:23:12,221 INFO: Running command: racon -m 8 -x -6 -g -8 -w 500 output/expedition_jardin_botanique/barcode74/consensus/barcode74_remaining80.fastq output/expedition_jardin_botanique/barcode74/consensus/barcode74_remaining80_reads.paf output/expedition_jardin_botanique/barcode74/consensus/barcode74_top20_consensus.fasta > output/expedition_jardin_botanique/barcode74/consensus/barcode74_final_consensus.fasta
2024-04-16 10:23:13,644 INFO: Command 'racon -m 8 -x -6 -g -8 -w 500 output/expedition_jardin_botanique/barcode74/consensus/barcode74_remaining80.fastq output/expedition_jardin_botanique/barcode74/consensus/barcode74_remaining80_reads.paf output/expedition_jardin_botanique/barcode74/consensus/barcode74_top20_consensus.fasta > output/expedition_jardin_botanique/barcode74/consensus/barcode74_final_consensus.fasta' took 1.42 seconds to run.
2024-04-16 10:23:13,644 ERROR: Error: [racon::Polisher::initialize] loaded target sequences 0.000067 s
[racon::Polisher::initialize] loaded sequences 0.031948 s
[racon::Polisher::initialize] loaded overlaps 0.005729 s
[racon::Polisher::initialize] aligning overlaps [=>                  ] 0.017444 s
[racon::Polisher::initialize] aligning overlaps [==>                 ] 0.023086 s
[racon::Polisher::initialize] aligning overlaps [===>                ] 0.028909 s
[racon::Polisher::initialize] aligning overlaps [====>               ] 0.034844 s
[racon::Polisher::initialize] aligning overlaps [=====>              ] 0.041099 s
[racon::Polisher::initialize] aligning overlaps [======>             ] 0.046225 s
[racon::Polisher::initialize] aligning overlaps [=======>            ] 0.051016 s
[racon::Polisher::initialize] aligning overlaps [========>           ] 0.055734 s
[racon::Polisher::initialize] aligning overlaps [=========>          ] 0.059786 s
[racon::Polisher::initialize] aligning overlaps [==========>         ] 0.062873 s
[racon::Polisher::initialize] aligning overlaps [===========>        ] 0.067073 s
[racon::Polisher::initialize] aligning overlaps [============>       ] 0.071038 s
[racon::Polisher::initialize] aligning overlaps [=============>      ] 0.075211 s
[racon::Polisher::initialize] aligning overlaps [==============>     ] 0.078877 s
[racon::Polisher::initialize] aligning overlaps [===============>    ] 0.082650 s
[racon::Polisher::initialize] aligning overlaps [================>   ] 0.086675 s
[racon::Polisher::initialize] aligning overlaps [=================>  ] 0.091279 s
[racon::Polisher::initialize] aligning overlaps [==================> ] 0.094859 s
[racon::Polisher::initialize] aligning overlaps [===================>] 0.098558 s
[racon::Polisher::initialize] aligning overlaps [====================] 0.102401 s
[racon::Polisher::initialize] transformed data into windows 0.002419 s
[racon::Polisher::polish] generated consensus 1.267135 s
[racon::Polisher::] total = 1.413669 s

2024-04-16 10:23:13,644 INFO: Racon on 80% shortest reads took 1.42 seconds.
2024-04-16 10:23:13,644 INFO: Deleting intermediate files...
2024-04-16 10:23:13,658 INFO: Minimap2 alignment took 5.94 seconds.
2024-04-16 10:23:13,658 INFO: Total Racon iterations took 3.99 seconds.
2024-04-16 10:23:13,658 INFO: Total time taken for the consensus pipeline: 9.93 seconds.
2024-04-16 10:23:13,659 INFO: Consensus pipeline completed. Total time taken: 9.93 seconds.
