2024-04-16 10:26:09,250 INFO: Running consensus pipeline...
2024-04-16 10:26:09,250 INFO: Running consensus pipeline with 80_20_best_sequence method...
2024-04-16 10:26:09,484 INFO: Running minimap2 on top 20% sequences...
2024-04-16 10:26:09,484 INFO: Running command: minimap2 -x ava-ont output/expedition_jardin_botanique/barcode96/consensus/barcode96_top20.fastq output/expedition_jardin_botanique/barcode96/consensus/barcode96_top20.fastq > output/expedition_jardin_botanique/barcode96/consensus/barcode96_top20_reads.paf
2024-04-16 10:26:11,074 INFO: Command 'minimap2 -x ava-ont output/expedition_jardin_botanique/barcode96/consensus/barcode96_top20.fastq output/expedition_jardin_botanique/barcode96/consensus/barcode96_top20.fastq > output/expedition_jardin_botanique/barcode96/consensus/barcode96_top20_reads.paf' took 1.59 seconds to run.
2024-04-16 10:26:11,074 ERROR: Error: [M::mm_idx_gen::0.012*0.34] collected minimizers
[M::mm_idx_gen::0.020*1.12] sorted minimizers
[M::main::0.020*1.12] loaded/built the index for 702 target sequence(s)
[M::mm_mapopt_update::0.021*1.11] mid_occ = 525
[M::mm_idx_stat] kmer size: 15; skip: 5; is_hpc: 0; #seq: 702
[M::mm_idx_stat::0.022*1.11] distinct minimizers: 30265 (79.82% are singletons); average occurrences: 3.740; average spacing: 3.096; total length: 350464
[M::worker_pipeline::1.583*2.75] mapped 702 sequences
[M::main] Version: 2.27-r1193
[M::main] CMD: minimap2 -x ava-ont output/expedition_jardin_botanique/barcode96/consensus/barcode96_top20.fastq output/expedition_jardin_botanique/barcode96/consensus/barcode96_top20.fastq
[M::main] Real time: 1.586 sec; CPU: 4.356 sec; Peak RSS: 0.033 GB

2024-04-16 10:26:11,074 INFO: Minimap2 on 20% longest reads took 1.59 seconds.
2024-04-16 10:26:11,074 INFO: Generating consensus with racon on top 20% sequences...
2024-04-16 10:26:11,074 INFO: Running command: racon -m 8 -x -6 -g -8 -w 500 output/expedition_jardin_botanique/barcode96/consensus/barcode96_top20.fastq output/expedition_jardin_botanique/barcode96/consensus/barcode96_top20_reads.paf output/expedition_jardin_botanique/barcode96/consensus/barcode96_top20.fastq > output/expedition_jardin_botanique/barcode96/consensus/barcode96_top20_consensus.fasta
2024-04-16 10:26:11,756 INFO: Command 'racon -m 8 -x -6 -g -8 -w 500 output/expedition_jardin_botanique/barcode96/consensus/barcode96_top20.fastq output/expedition_jardin_botanique/barcode96/consensus/barcode96_top20_reads.paf output/expedition_jardin_botanique/barcode96/consensus/barcode96_top20.fastq > output/expedition_jardin_botanique/barcode96/consensus/barcode96_top20_consensus.fasta' took 0.68 seconds to run.
2024-04-16 10:26:11,756 ERROR: Error: [racon::Polisher::initialize] loaded target sequences 0.004078 s
[racon::Polisher::initialize] loaded sequences 0.003983 s
[racon::Polisher::initialize] loaded overlaps 0.257570 s
[racon::Polisher::initialize] aligning overlaps [=>                  ] 0.023903 s
[racon::Polisher::initialize] aligning overlaps [==>                 ] 0.026651 s
[racon::Polisher::initialize] aligning overlaps [===>                ] 0.029436 s
[racon::Polisher::initialize] aligning overlaps [====>               ] 0.032763 s
[racon::Polisher::initialize] aligning overlaps [=====>              ] 0.036170 s
[racon::Polisher::initialize] aligning overlaps [======>             ] 0.039226 s
[racon::Polisher::initialize] aligning overlaps [=======>            ] 0.042009 s
[racon::Polisher::initialize] aligning overlaps [========>           ] 0.044719 s
[racon::Polisher::initialize] aligning overlaps [=========>          ] 0.047502 s
[racon::Polisher::initialize] aligning overlaps [==========>         ] 0.050331 s
[racon::Polisher::initialize] aligning overlaps [===========>        ] 0.053106 s
[racon::Polisher::initialize] aligning overlaps [============>       ] 0.056250 s
[racon::Polisher::initialize] aligning overlaps [=============>      ] 0.059095 s
[racon::Polisher::initialize] aligning overlaps [==============>     ] 0.061754 s
[racon::Polisher::initialize] aligning overlaps [===============>    ] 0.064710 s
[racon::Polisher::initialize] aligning overlaps [================>   ] 0.067567 s
[racon::Polisher::initialize] aligning overlaps [=================>  ] 0.070342 s
[racon::Polisher::initialize] aligning overlaps [==================> ] 0.073143 s
[racon::Polisher::initialize] aligning overlaps [===================>] 0.075856 s
[racon::Polisher::initialize] aligning overlaps [====================] 0.079269 s
[racon::Polisher::initialize] transformed data into windows 0.000943 s
[racon::Polisher::polish] generating consensus [=>                  ] 0.119364 s
[racon::Polisher::polish] generating consensus [==>                 ] 0.206652 s
[racon::Polisher::polish] generating consensus [===>                ] 0.258374 s
[racon::Polisher::polish] generating consensus [====>               ] 0.270701 s
[racon::Polisher::polish] generating consensus [=====>              ] 0.283183 s
[racon::Polisher::polish] generating consensus [======>             ] 0.293691 s
[racon::Polisher::polish] generating consensus [=======>            ] 0.296326 s
[racon::Polisher::polish] generating consensus [========>           ] 0.304318 s
[racon::Polisher::polish] generating consensus [=========>          ] 0.306013 s
[racon::Polisher::polish] generating consensus [==========>         ] 0.311799 s
[racon::Polisher::polish] generating consensus [===========>        ] 0.315719 s
[racon::Polisher::polish] generating consensus [============>       ] 0.317952 s
[racon::Polisher::polish] generating consensus [=============>      ] 0.318854 s
[racon::Polisher::polish] generating consensus [==============>     ] 0.318966 s
[racon::Polisher::polish] generating consensus [===============>    ] 0.322564 s
[racon::Polisher::polish] generating consensus [================>   ] 0.323426 s
[racon::Polisher::polish] generating consensus [=================>  ] 0.325126 s
[racon::Polisher::polish] generating consensus [==================> ] 0.326627 s
[racon::Polisher::polish] generating consensus [===================>] 0.326648 s
[racon::Polisher::polish] generating consensus [====================] 0.326685 s
[racon::Polisher::] total = 0.673359 s

2024-04-16 10:26:11,756 INFO: Racon on 20% longest reads took 0.68 seconds.
2024-04-16 10:26:11,756 INFO: Multiple sequences found in output/expedition_jardin_botanique/barcode96/consensus/barcode96_top20_consensus.fasta. Selecting the best alignment...
2024-04-16 10:26:12,937 INFO: Running minimap2 on remaining 80% sequences...
2024-04-16 10:26:12,937 INFO: Running command: minimap2 -x map-ont output/expedition_jardin_botanique/barcode96/consensus/barcode96_top20_consensus.fasta output/expedition_jardin_botanique/barcode96/consensus/barcode96_remaining80.fastq > output/expedition_jardin_botanique/barcode96/consensus/barcode96_remaining80_reads.paf
2024-04-16 10:26:12,964 INFO: Command 'minimap2 -x map-ont output/expedition_jardin_botanique/barcode96/consensus/barcode96_top20_consensus.fasta output/expedition_jardin_botanique/barcode96/consensus/barcode96_remaining80.fastq > output/expedition_jardin_botanique/barcode96/consensus/barcode96_remaining80_reads.paf' took 0.03 seconds to run.
2024-04-16 10:26:12,964 ERROR: Error: [M::mm_idx_gen::0.001*1.64] collected minimizers
[M::mm_idx_gen::0.002*1.41] sorted minimizers
[M::main::0.002*1.40] loaded/built the index for 1 target sequence(s)
[M::mm_mapopt_update::0.002*1.39] mid_occ = 10
[M::mm_idx_stat] kmer size: 15; skip: 10; is_hpc: 0; #seq: 1
[M::mm_idx_stat::0.002*1.38] distinct minimizers: 99 (100.00% are singletons); average occurrences: 1.000; average spacing: 5.525; total length: 547
[M::worker_pipeline::0.024*1.35] mapped 2812 sequences
[M::main] Version: 2.27-r1193
[M::main] CMD: minimap2 -x map-ont output/expedition_jardin_botanique/barcode96/consensus/barcode96_top20_consensus.fasta output/expedition_jardin_botanique/barcode96/consensus/barcode96_remaining80.fastq
[M::main] Real time: 0.024 sec; CPU: 0.032 sec; Peak RSS: 0.006 GB

2024-04-16 10:26:12,964 INFO: Minimap2 on 80% shortest reads took 0.03 seconds.
2024-04-16 10:26:12,964 INFO: Generating final consensus with racon...
2024-04-16 10:26:12,964 INFO: Running command: racon -m 8 -x -6 -g -8 -w 500 output/expedition_jardin_botanique/barcode96/consensus/barcode96_remaining80.fastq output/expedition_jardin_botanique/barcode96/consensus/barcode96_remaining80_reads.paf output/expedition_jardin_botanique/barcode96/consensus/barcode96_top20_consensus.fasta > output/expedition_jardin_botanique/barcode96/consensus/barcode96_final_consensus.fasta
2024-04-16 10:26:15,065 INFO: Command 'racon -m 8 -x -6 -g -8 -w 500 output/expedition_jardin_botanique/barcode96/consensus/barcode96_remaining80.fastq output/expedition_jardin_botanique/barcode96/consensus/barcode96_remaining80_reads.paf output/expedition_jardin_botanique/barcode96/consensus/barcode96_top20_consensus.fasta > output/expedition_jardin_botanique/barcode96/consensus/barcode96_final_consensus.fasta' took 2.10 seconds to run.
2024-04-16 10:26:15,065 ERROR: Error: [racon::Polisher::initialize] loaded target sequences 0.000131 s
[racon::Polisher::initialize] loaded sequences 0.012293 s
[racon::Polisher::initialize] loaded overlaps 0.003695 s
[racon::Polisher::initialize] aligning overlaps [=>                  ] 0.016764 s
[racon::Polisher::initialize] aligning overlaps [==>                 ] 0.022639 s
[racon::Polisher::initialize] aligning overlaps [===>                ] 0.028624 s
[racon::Polisher::initialize] aligning overlaps [====>               ] 0.035103 s
[racon::Polisher::initialize] aligning overlaps [=====>              ] 0.040056 s
[racon::Polisher::initialize] aligning overlaps [======>             ] 0.044986 s
[racon::Polisher::initialize] aligning overlaps [=======>            ] 0.050850 s
[racon::Polisher::initialize] aligning overlaps [========>           ] 0.055021 s
[racon::Polisher::initialize] aligning overlaps [=========>          ] 0.059608 s
[racon::Polisher::initialize] aligning overlaps [==========>         ] 0.064266 s
[racon::Polisher::initialize] aligning overlaps [===========>        ] 0.069717 s
[racon::Polisher::initialize] aligning overlaps [============>       ] 0.074413 s
[racon::Polisher::initialize] aligning overlaps [=============>      ] 0.078724 s
[racon::Polisher::initialize] aligning overlaps [==============>     ] 0.082462 s
[racon::Polisher::initialize] aligning overlaps [===============>    ] 0.085950 s
[racon::Polisher::initialize] aligning overlaps [================>   ] 0.089496 s
[racon::Polisher::initialize] aligning overlaps [=================>  ] 0.092856 s
[racon::Polisher::initialize] aligning overlaps [==================> ] 0.096530 s
[racon::Polisher::initialize] aligning overlaps [===================>] 0.099239 s
[racon::Polisher::initialize] aligning overlaps [====================] 0.101841 s
[racon::Polisher::initialize] transformed data into windows 0.001013 s
[racon::Polisher::polish] generated consensus 1.973096 s
[racon::Polisher::] total = 2.093572 s

2024-04-16 10:26:15,065 INFO: Racon on 80% shortest reads took 2.10 seconds.
2024-04-16 10:26:15,065 INFO: Deleting intermediate files...
2024-04-16 10:26:15,070 INFO: Minimap2 alignment took 1.62 seconds.
2024-04-16 10:26:15,070 INFO: Total Racon iterations took 2.78 seconds.
2024-04-16 10:26:15,070 INFO: Total time taken for the consensus pipeline: 4.40 seconds.
2024-04-16 10:26:15,070 INFO: Consensus pipeline completed. Total time taken: 4.40 seconds.
