2024-04-16 10:25:27,793 INFO: Running consensus pipeline...
2024-04-16 10:25:27,794 INFO: Running consensus pipeline with 80_20_best_sequence method...
2024-04-16 10:25:28,494 INFO: Running minimap2 on top 20% sequences...
2024-04-16 10:25:28,494 INFO: Running command: minimap2 -x ava-ont output/expedition_jardin_botanique/barcode95/consensus/barcode95_top20.fastq output/expedition_jardin_botanique/barcode95/consensus/barcode95_top20.fastq > output/expedition_jardin_botanique/barcode95/consensus/barcode95_top20_reads.paf
2024-04-16 10:25:39,288 INFO: Command 'minimap2 -x ava-ont output/expedition_jardin_botanique/barcode95/consensus/barcode95_top20.fastq output/expedition_jardin_botanique/barcode95/consensus/barcode95_top20.fastq > output/expedition_jardin_botanique/barcode95/consensus/barcode95_top20_reads.paf' took 10.79 seconds to run.
2024-04-16 10:25:39,288 ERROR: Error: [M::mm_idx_gen::0.042*0.83] collected minimizers
[M::mm_idx_gen::0.059*1.36] sorted minimizers
[M::main::0.059*1.36] loaded/built the index for 1629 target sequence(s)
[M::mm_mapopt_update::0.062*1.34] mid_occ = 964
[M::mm_idx_stat] kmer size: 15; skip: 5; is_hpc: 0; #seq: 1629
[M::mm_idx_stat::0.063*1.34] distinct minimizers: 101528 (78.71% are singletons); average occurrences: 3.967; average spacing: 2.971; total length: 1196594
[M::worker_pipeline::10.783*2.80] mapped 1629 sequences
[M::main] Version: 2.27-r1193
[M::main] CMD: minimap2 -x ava-ont output/expedition_jardin_botanique/barcode95/consensus/barcode95_top20.fastq output/expedition_jardin_botanique/barcode95/consensus/barcode95_top20.fastq
[M::main] Real time: 10.791 sec; CPU: 30.207 sec; Peak RSS: 0.143 GB

2024-04-16 10:25:39,288 INFO: Minimap2 on 20% longest reads took 10.79 seconds.
2024-04-16 10:25:39,288 INFO: Generating consensus with racon on top 20% sequences...
2024-04-16 10:25:39,288 INFO: Running command: racon -m 8 -x -6 -g -8 -w 500 output/expedition_jardin_botanique/barcode95/consensus/barcode95_top20.fastq output/expedition_jardin_botanique/barcode95/consensus/barcode95_top20_reads.paf output/expedition_jardin_botanique/barcode95/consensus/barcode95_top20.fastq > output/expedition_jardin_botanique/barcode95/consensus/barcode95_top20_consensus.fasta
2024-04-16 10:25:44,299 INFO: Command 'racon -m 8 -x -6 -g -8 -w 500 output/expedition_jardin_botanique/barcode95/consensus/barcode95_top20.fastq output/expedition_jardin_botanique/barcode95/consensus/barcode95_top20_reads.paf output/expedition_jardin_botanique/barcode95/consensus/barcode95_top20.fastq > output/expedition_jardin_botanique/barcode95/consensus/barcode95_top20_consensus.fasta' took 5.01 seconds to run.
2024-04-16 10:25:44,299 ERROR: Error: [racon::Polisher::initialize] loaded target sequences 0.014243 s
[racon::Polisher::initialize] loaded sequences 0.015302 s
[racon::Polisher::initialize] loaded overlaps 2.086445 s
[racon::Polisher::initialize] aligning overlaps [=>                  ] 0.023587 s
[racon::Polisher::initialize] aligning overlaps [==>                 ] 0.038968 s
[racon::Polisher::initialize] aligning overlaps [===>                ] 0.055778 s
[racon::Polisher::initialize] aligning overlaps [====>               ] 0.077789 s
[racon::Polisher::initialize] aligning overlaps [=====>              ] 0.094314 s
[racon::Polisher::initialize] aligning overlaps [======>             ] 0.109757 s
[racon::Polisher::initialize] aligning overlaps [=======>            ] 0.124475 s
[racon::Polisher::initialize] aligning overlaps [========>           ] 0.140535 s
[racon::Polisher::initialize] aligning overlaps [=========>          ] 0.150967 s
[racon::Polisher::initialize] aligning overlaps [==========>         ] 0.161902 s
[racon::Polisher::initialize] aligning overlaps [===========>        ] 0.181722 s
[racon::Polisher::initialize] aligning overlaps [============>       ] 0.193325 s
[racon::Polisher::initialize] aligning overlaps [=============>      ] 0.204279 s
[racon::Polisher::initialize] aligning overlaps [==============>     ] 0.218017 s
[racon::Polisher::initialize] aligning overlaps [===============>    ] 0.231440 s
[racon::Polisher::initialize] aligning overlaps [================>   ] 0.247275 s
[racon::Polisher::initialize] aligning overlaps [=================>  ] 0.260040 s
[racon::Polisher::initialize] aligning overlaps [==================> ] 0.273353 s
[racon::Polisher::initialize] aligning overlaps [===================>] 0.287493 s
[racon::Polisher::initialize] aligning overlaps [====================] 0.301097 s
[racon::Polisher::initialize] transformed data into windows 0.011858 s
[racon::Polisher::polish] generating consensus [=>                  ] 2.031254 s
[racon::Polisher::polish] generating consensus [==>                 ] 2.411269 s
[racon::Polisher::polish] generating consensus [===>                ] 2.453906 s
[racon::Polisher::polish] generating consensus [====>               ] 2.480208 s
[racon::Polisher::polish] generating consensus [=====>              ] 2.505263 s
[racon::Polisher::polish] generating consensus [======>             ] 2.526423 s
[racon::Polisher::polish] generating consensus [=======>            ] 2.529430 s
[racon::Polisher::polish] generating consensus [========>           ] 2.533121 s
[racon::Polisher::polish] generating consensus [=========>          ] 2.533741 s
[racon::Polisher::polish] generating consensus [==========>         ] 2.540233 s
[racon::Polisher::polish] generating consensus [===========>        ] 2.544021 s
[racon::Polisher::polish] generating consensus [============>       ] 2.545320 s
[racon::Polisher::polish] generating consensus [=============>      ] 2.545399 s
[racon::Polisher::polish] generating consensus [==============>     ] 2.545674 s
[racon::Polisher::polish] generating consensus [===============>    ] 2.547701 s
[racon::Polisher::polish] generating consensus [================>   ] 2.549377 s
[racon::Polisher::polish] generating consensus [=================>  ] 2.551639 s
[racon::Polisher::polish] generating consensus [==================> ] 2.553574 s
[racon::Polisher::polish] generating consensus [===================>] 2.555087 s
[racon::Polisher::polish] generating consensus [====================] 2.556877 s
[racon::Polisher::] total = 4.987914 s

2024-04-16 10:25:44,299 INFO: Racon on 20% longest reads took 5.01 seconds.
2024-04-16 10:25:44,300 INFO: Multiple sequences found in output/expedition_jardin_botanique/barcode95/consensus/barcode95_top20_consensus.fasta. Selecting the best alignment...
2024-04-16 10:25:53,272 INFO: Running minimap2 on remaining 80% sequences...
2024-04-16 10:25:53,272 INFO: Running command: minimap2 -x map-ont output/expedition_jardin_botanique/barcode95/consensus/barcode95_top20_consensus.fasta output/expedition_jardin_botanique/barcode95/consensus/barcode95_remaining80.fastq > output/expedition_jardin_botanique/barcode95/consensus/barcode95_remaining80_reads.paf
2024-04-16 10:25:53,392 INFO: Command 'minimap2 -x map-ont output/expedition_jardin_botanique/barcode95/consensus/barcode95_top20_consensus.fasta output/expedition_jardin_botanique/barcode95/consensus/barcode95_remaining80.fastq > output/expedition_jardin_botanique/barcode95/consensus/barcode95_remaining80_reads.paf' took 0.12 seconds to run.
2024-04-16 10:25:53,392 ERROR: Error: [M::mm_idx_gen::0.001*1.71] collected minimizers
[M::mm_idx_gen::0.002*1.46] sorted minimizers
[M::main::0.002*1.45] loaded/built the index for 1 target sequence(s)
[M::mm_mapopt_update::0.002*1.43] mid_occ = 10
[M::mm_idx_stat] kmer size: 15; skip: 10; is_hpc: 0; #seq: 1
[M::mm_idx_stat::0.002*1.39] distinct minimizers: 231 (79.65% are singletons); average occurrences: 1.203; average spacing: 5.306; total length: 1475
[M::worker_pipeline::0.116*2.31] mapped 6516 sequences
[M::main] Version: 2.27-r1193
[M::main] CMD: minimap2 -x map-ont output/expedition_jardin_botanique/barcode95/consensus/barcode95_top20_consensus.fasta output/expedition_jardin_botanique/barcode95/consensus/barcode95_remaining80.fastq
[M::main] Real time: 0.117 sec; CPU: 0.269 sec; Peak RSS: 0.009 GB

2024-04-16 10:25:53,392 INFO: Minimap2 on 80% shortest reads took 0.12 seconds.
2024-04-16 10:25:53,392 INFO: Generating final consensus with racon...
2024-04-16 10:25:53,392 INFO: Running command: racon -m 8 -x -6 -g -8 -w 500 output/expedition_jardin_botanique/barcode95/consensus/barcode95_remaining80.fastq output/expedition_jardin_botanique/barcode95/consensus/barcode95_remaining80_reads.paf output/expedition_jardin_botanique/barcode95/consensus/barcode95_top20_consensus.fasta > output/expedition_jardin_botanique/barcode95/consensus/barcode95_final_consensus.fasta
2024-04-16 10:26:04,052 INFO: Command 'racon -m 8 -x -6 -g -8 -w 500 output/expedition_jardin_botanique/barcode95/consensus/barcode95_remaining80.fastq output/expedition_jardin_botanique/barcode95/consensus/barcode95_remaining80_reads.paf output/expedition_jardin_botanique/barcode95/consensus/barcode95_top20_consensus.fasta > output/expedition_jardin_botanique/barcode95/consensus/barcode95_final_consensus.fasta' took 10.66 seconds to run.
2024-04-16 10:26:04,052 ERROR: Error: [racon::Polisher::initialize] loaded target sequences 0.000059 s
[racon::Polisher::initialize] loaded sequences 0.034273 s
[racon::Polisher::initialize] loaded overlaps 0.012141 s
[racon::Polisher::initialize] aligning overlaps [=>                  ] 0.041116 s
[racon::Polisher::initialize] aligning overlaps [==>                 ] 0.062080 s
[racon::Polisher::initialize] aligning overlaps [===>                ] 0.082355 s
[racon::Polisher::initialize] aligning overlaps [====>               ] 0.100521 s
[racon::Polisher::initialize] aligning overlaps [=====>              ] 0.117927 s
[racon::Polisher::initialize] aligning overlaps [======>             ] 0.133880 s
[racon::Polisher::initialize] aligning overlaps [=======>            ] 0.148971 s
[racon::Polisher::initialize] aligning overlaps [========>           ] 0.163175 s
[racon::Polisher::initialize] aligning overlaps [=========>          ] 0.176736 s
[racon::Polisher::initialize] aligning overlaps [==========>         ] 0.190426 s
[racon::Polisher::initialize] aligning overlaps [===========>        ] 0.204629 s
[racon::Polisher::initialize] aligning overlaps [============>       ] 0.224379 s
[racon::Polisher::initialize] aligning overlaps [=============>      ] 0.236743 s
[racon::Polisher::initialize] aligning overlaps [==============>     ] 0.247652 s
[racon::Polisher::initialize] aligning overlaps [===============>    ] 0.256653 s
[racon::Polisher::initialize] aligning overlaps [================>   ] 0.266694 s
[racon::Polisher::initialize] aligning overlaps [=================>  ] 0.275879 s
[racon::Polisher::initialize] aligning overlaps [==================> ] 0.284436 s
[racon::Polisher::initialize] aligning overlaps [===================>] 0.290804 s
[racon::Polisher::initialize] aligning overlaps [====================] 0.295020 s
[racon::Polisher::initialize] transformed data into windows 0.004360 s
[racon::Polisher::polish] generated consensus 10.301817 s
[racon::Polisher::] total = 10.651851 s

2024-04-16 10:26:04,052 INFO: Racon on 80% shortest reads took 10.66 seconds.
2024-04-16 10:26:04,052 INFO: Deleting intermediate files...
2024-04-16 10:26:04,070 INFO: Minimap2 alignment took 10.91 seconds.
2024-04-16 10:26:04,071 INFO: Total Racon iterations took 15.67 seconds.
2024-04-16 10:26:04,071 INFO: Total time taken for the consensus pipeline: 26.58 seconds.
2024-04-16 10:26:04,071 INFO: Consensus pipeline completed. Total time taken: 26.58 seconds.
