2024-04-16 10:22:49,767 INFO: Running consensus pipeline...
2024-04-16 10:22:49,767 INFO: Running consensus pipeline with 80_20_best_sequence method...
2024-04-16 10:22:49,920 INFO: Running minimap2 on top 20% sequences...
2024-04-16 10:22:49,920 INFO: Running command: minimap2 -x ava-ont output/expedition_jardin_botanique/barcode73/consensus/barcode73_top20.fastq output/expedition_jardin_botanique/barcode73/consensus/barcode73_top20.fastq > output/expedition_jardin_botanique/barcode73/consensus/barcode73_top20_reads.paf
2024-04-16 10:22:50,224 INFO: Command 'minimap2 -x ava-ont output/expedition_jardin_botanique/barcode73/consensus/barcode73_top20.fastq output/expedition_jardin_botanique/barcode73/consensus/barcode73_top20.fastq > output/expedition_jardin_botanique/barcode73/consensus/barcode73_top20_reads.paf' took 0.30 seconds to run.
2024-04-16 10:22:50,224 ERROR: Error: [M::mm_idx_gen::0.010*0.79] collected minimizers
[M::mm_idx_gen::0.017*1.28] sorted minimizers
[M::main::0.017*1.28] loaded/built the index for 488 target sequence(s)
[M::mm_mapopt_update::0.018*1.26] mid_occ = 332
[M::mm_idx_stat] kmer size: 15; skip: 5; is_hpc: 0; #seq: 488
[M::mm_idx_stat::0.019*1.25] distinct minimizers: 35448 (82.08% are singletons); average occurrences: 2.478; average spacing: 3.062; total length: 269005
[M::worker_pipeline::0.299*2.59] mapped 488 sequences
[M::main] Version: 2.27-r1193
[M::main] CMD: minimap2 -x ava-ont output/expedition_jardin_botanique/barcode73/consensus/barcode73_top20.fastq output/expedition_jardin_botanique/barcode73/consensus/barcode73_top20.fastq
[M::main] Real time: 0.301 sec; CPU: 0.775 sec; Peak RSS: 0.015 GB

2024-04-16 10:22:50,224 INFO: Minimap2 on 20% longest reads took 0.30 seconds.
2024-04-16 10:22:50,224 INFO: Generating consensus with racon on top 20% sequences...
2024-04-16 10:22:50,224 INFO: Running command: racon -m 8 -x -6 -g -8 -w 500 output/expedition_jardin_botanique/barcode73/consensus/barcode73_top20.fastq output/expedition_jardin_botanique/barcode73/consensus/barcode73_top20_reads.paf output/expedition_jardin_botanique/barcode73/consensus/barcode73_top20.fastq > output/expedition_jardin_botanique/barcode73/consensus/barcode73_top20_consensus.fasta
2024-04-16 10:22:50,628 INFO: Command 'racon -m 8 -x -6 -g -8 -w 500 output/expedition_jardin_botanique/barcode73/consensus/barcode73_top20.fastq output/expedition_jardin_botanique/barcode73/consensus/barcode73_top20_reads.paf output/expedition_jardin_botanique/barcode73/consensus/barcode73_top20.fastq > output/expedition_jardin_botanique/barcode73/consensus/barcode73_top20_consensus.fasta' took 0.40 seconds to run.
2024-04-16 10:22:50,628 ERROR: Error: [racon::Polisher::initialize] loaded target sequences 0.002919 s
[racon::Polisher::initialize] loaded sequences 0.002925 s
[racon::Polisher::initialize] loaded overlaps 0.060997 s
[racon::Polisher::initialize] aligning overlaps [=>                  ] 0.009218 s
[racon::Polisher::initialize] aligning overlaps [==>                 ] 0.011907 s
[racon::Polisher::initialize] aligning overlaps [===>                ] 0.018674 s
[racon::Polisher::initialize] aligning overlaps [====>               ] 0.021127 s
[racon::Polisher::initialize] aligning overlaps [=====>              ] 0.023749 s
[racon::Polisher::initialize] aligning overlaps [======>             ] 0.026211 s
[racon::Polisher::initialize] aligning overlaps [=======>            ] 0.028611 s
[racon::Polisher::initialize] aligning overlaps [========>           ] 0.030843 s
[racon::Polisher::initialize] aligning overlaps [=========>          ] 0.033771 s
[racon::Polisher::initialize] aligning overlaps [==========>         ] 0.036213 s
[racon::Polisher::initialize] aligning overlaps [===========>        ] 0.038225 s
[racon::Polisher::initialize] aligning overlaps [============>       ] 0.040278 s
[racon::Polisher::initialize] aligning overlaps [=============>      ] 0.042316 s
[racon::Polisher::initialize] aligning overlaps [==============>     ] 0.046534 s
[racon::Polisher::initialize] aligning overlaps [===============>    ] 0.049582 s
[racon::Polisher::initialize] aligning overlaps [================>   ] 0.052039 s
[racon::Polisher::initialize] aligning overlaps [=================>  ] 0.054394 s
[racon::Polisher::initialize] aligning overlaps [==================> ] 0.056371 s
[racon::Polisher::initialize] aligning overlaps [===================>] 0.058247 s
[racon::Polisher::initialize] aligning overlaps [====================] 0.060267 s
[racon::Polisher::initialize] transformed data into windows 0.001010 s
[racon::Polisher::polish] generating consensus [=>                  ] 0.107993 s
[racon::Polisher::polish] generating consensus [==>                 ] 0.173058 s
[racon::Polisher::polish] generating consensus [===>                ] 0.182651 s
[racon::Polisher::polish] generating consensus [====>               ] 0.202124 s
[racon::Polisher::polish] generating consensus [=====>              ] 0.208077 s
[racon::Polisher::polish] generating consensus [======>             ] 0.216276 s
[racon::Polisher::polish] generating consensus [=======>            ] 0.227553 s
[racon::Polisher::polish] generating consensus [========>           ] 0.238607 s
[racon::Polisher::polish] generating consensus [=========>          ] 0.242949 s
[racon::Polisher::polish] generating consensus [==========>         ] 0.249209 s
[racon::Polisher::polish] generating consensus [===========>        ] 0.254027 s
[racon::Polisher::polish] generating consensus [============>       ] 0.254843 s
[racon::Polisher::polish] generating consensus [=============>      ] 0.257200 s
[racon::Polisher::polish] generating consensus [==============>     ] 0.259158 s
[racon::Polisher::polish] generating consensus [===============>    ] 0.260877 s
[racon::Polisher::polish] generating consensus [================>   ] 0.260956 s
[racon::Polisher::polish] generating consensus [=================>  ] 0.262720 s
[racon::Polisher::polish] generating consensus [==================> ] 0.265696 s
[racon::Polisher::polish] generating consensus [===================>] 0.265760 s
[racon::Polisher::polish] generating consensus [====================] 0.269223 s
[racon::Polisher::] total = 0.397852 s

2024-04-16 10:22:50,629 INFO: Racon on 20% longest reads took 0.40 seconds.
2024-04-16 10:22:50,629 INFO: Multiple sequences found in output/expedition_jardin_botanique/barcode73/consensus/barcode73_top20_consensus.fasta. Selecting the best alignment...
2024-04-16 10:22:52,758 INFO: Running minimap2 on remaining 80% sequences...
2024-04-16 10:22:52,758 INFO: Running command: minimap2 -x map-ont output/expedition_jardin_botanique/barcode73/consensus/barcode73_top20_consensus.fasta output/expedition_jardin_botanique/barcode73/consensus/barcode73_remaining80.fastq > output/expedition_jardin_botanique/barcode73/consensus/barcode73_remaining80_reads.paf
2024-04-16 10:22:52,772 INFO: Command 'minimap2 -x map-ont output/expedition_jardin_botanique/barcode73/consensus/barcode73_top20_consensus.fasta output/expedition_jardin_botanique/barcode73/consensus/barcode73_remaining80.fastq > output/expedition_jardin_botanique/barcode73/consensus/barcode73_remaining80_reads.paf' took 0.01 seconds to run.
2024-04-16 10:22:52,772 ERROR: Error: [M::mm_idx_gen::0.001*1.78] collected minimizers
[M::mm_idx_gen::0.002*1.47] sorted minimizers
[M::main::0.002*1.47] loaded/built the index for 1 target sequence(s)
[M::mm_mapopt_update::0.002*1.46] mid_occ = 10
[M::mm_idx_stat] kmer size: 15; skip: 10; is_hpc: 0; #seq: 1
[M::mm_idx_stat::0.002*1.44] distinct minimizers: 138 (100.00% are singletons); average occurrences: 1.000; average spacing: 5.587; total length: 771
[M::worker_pipeline::0.011*1.07] mapped 1952 sequences
[M::main] Version: 2.27-r1193
[M::main] CMD: minimap2 -x map-ont output/expedition_jardin_botanique/barcode73/consensus/barcode73_top20_consensus.fasta output/expedition_jardin_botanique/barcode73/consensus/barcode73_remaining80.fastq
[M::main] Real time: 0.011 sec; CPU: 0.012 sec; Peak RSS: 0.005 GB

2024-04-16 10:22:52,772 INFO: Minimap2 on 80% shortest reads took 0.01 seconds.
2024-04-16 10:22:52,772 INFO: Generating final consensus with racon...
2024-04-16 10:22:52,772 INFO: Running command: racon -m 8 -x -6 -g -8 -w 500 output/expedition_jardin_botanique/barcode73/consensus/barcode73_remaining80.fastq output/expedition_jardin_botanique/barcode73/consensus/barcode73_remaining80_reads.paf output/expedition_jardin_botanique/barcode73/consensus/barcode73_top20_consensus.fasta > output/expedition_jardin_botanique/barcode73/consensus/barcode73_final_consensus.fasta
2024-04-16 10:22:52,911 INFO: Command 'racon -m 8 -x -6 -g -8 -w 500 output/expedition_jardin_botanique/barcode73/consensus/barcode73_remaining80.fastq output/expedition_jardin_botanique/barcode73/consensus/barcode73_remaining80_reads.paf output/expedition_jardin_botanique/barcode73/consensus/barcode73_top20_consensus.fasta > output/expedition_jardin_botanique/barcode73/consensus/barcode73_final_consensus.fasta' took 0.14 seconds to run.
2024-04-16 10:22:52,912 ERROR: Error: [racon::Polisher::initialize] loaded target sequences 0.000052 s
[racon::Polisher::initialize] loaded sequences 0.007419 s
[racon::Polisher::initialize] loaded overlaps 0.000907 s
[racon::Polisher::initialize] aligning overlaps [=>                  ] 0.004125 s
[racon::Polisher::initialize] aligning overlaps [==>                 ] 0.005276 s
[racon::Polisher::initialize] aligning overlaps [===>                ] 0.006381 s
[racon::Polisher::initialize] aligning overlaps [====>               ] 0.007405 s
[racon::Polisher::initialize] aligning overlaps [=====>              ] 0.008478 s
[racon::Polisher::initialize] aligning overlaps [======>             ] 0.011064 s
[racon::Polisher::initialize] aligning overlaps [=======>            ] 0.011073 s
[racon::Polisher::initialize] aligning overlaps [========>           ] 0.011078 s
[racon::Polisher::initialize] aligning overlaps [=========>          ] 0.011170 s
[racon::Polisher::initialize] aligning overlaps [==========>         ] 0.012191 s
[racon::Polisher::initialize] aligning overlaps [===========>        ] 0.013178 s
[racon::Polisher::initialize] aligning overlaps [============>       ] 0.014094 s
[racon::Polisher::initialize] aligning overlaps [=============>      ] 0.015083 s
[racon::Polisher::initialize] aligning overlaps [==============>     ] 0.015945 s
[racon::Polisher::initialize] aligning overlaps [===============>    ] 0.016833 s
[racon::Polisher::initialize] aligning overlaps [================>   ] 0.018465 s
[racon::Polisher::initialize] aligning overlaps [=================>  ] 0.019473 s
[racon::Polisher::initialize] aligning overlaps [==================> ] 0.020338 s
[racon::Polisher::initialize] aligning overlaps [===================>] 0.021178 s
[racon::Polisher::initialize] aligning overlaps [====================] 0.022283 s
[racon::Polisher::initialize] transformed data into windows 0.000196 s
[racon::Polisher::polish] generated consensus 0.102327 s
[racon::Polisher::] total = 0.133700 s

2024-04-16 10:22:52,912 INFO: Racon on 80% shortest reads took 0.14 seconds.
2024-04-16 10:22:52,912 INFO: Deleting intermediate files...
2024-04-16 10:22:52,913 INFO: Minimap2 alignment took 0.32 seconds.
2024-04-16 10:22:52,914 INFO: Total Racon iterations took 0.54 seconds.
2024-04-16 10:22:52,914 INFO: Total time taken for the consensus pipeline: 0.86 seconds.
2024-04-16 10:22:52,914 INFO: Consensus pipeline completed. Total time taken: 0.86 seconds.
