2024-04-16 10:25:21,868 INFO: Running consensus pipeline...
2024-04-16 10:25:21,868 INFO: Running consensus pipeline with 80_20_best_sequence method...
2024-04-16 10:25:21,952 INFO: Running minimap2 on top 20% sequences...
2024-04-16 10:25:21,952 INFO: Running command: minimap2 -x ava-ont output/expedition_jardin_botanique/barcode94/consensus/barcode94_top20.fastq output/expedition_jardin_botanique/barcode94/consensus/barcode94_top20.fastq > output/expedition_jardin_botanique/barcode94/consensus/barcode94_top20_reads.paf
2024-04-16 10:25:22,246 INFO: Command 'minimap2 -x ava-ont output/expedition_jardin_botanique/barcode94/consensus/barcode94_top20.fastq output/expedition_jardin_botanique/barcode94/consensus/barcode94_top20.fastq > output/expedition_jardin_botanique/barcode94/consensus/barcode94_top20_reads.paf' took 0.29 seconds to run.
2024-04-16 10:25:22,246 ERROR: Error: [M::mm_idx_gen::0.007*0.99] collected minimizers
[M::mm_idx_gen::0.010*1.61] sorted minimizers
[M::main::0.011*1.60] loaded/built the index for 222 target sequence(s)
[M::mm_mapopt_update::0.011*1.57] mid_occ = 149
[M::mm_idx_stat] kmer size: 15; skip: 5; is_hpc: 0; #seq: 222
[M::mm_idx_stat::0.012*1.55] distinct minimizers: 18588 (82.74% are singletons); average occurrences: 2.862; average spacing: 2.902; total length: 154386
[M::worker_pipeline::0.290*2.73] mapped 222 sequences
[M::main] Version: 2.27-r1193
[M::main] CMD: minimap2 -x ava-ont output/expedition_jardin_botanique/barcode94/consensus/barcode94_top20.fastq output/expedition_jardin_botanique/barcode94/consensus/barcode94_top20.fastq
[M::main] Real time: 0.292 sec; CPU: 0.794 sec; Peak RSS: 0.012 GB

2024-04-16 10:25:22,246 INFO: Minimap2 on 20% longest reads took 0.29 seconds.
2024-04-16 10:25:22,246 INFO: Generating consensus with racon on top 20% sequences...
2024-04-16 10:25:22,246 INFO: Running command: racon -m 8 -x -6 -g -8 -w 500 output/expedition_jardin_botanique/barcode94/consensus/barcode94_top20.fastq output/expedition_jardin_botanique/barcode94/consensus/barcode94_top20_reads.paf output/expedition_jardin_botanique/barcode94/consensus/barcode94_top20.fastq > output/expedition_jardin_botanique/barcode94/consensus/barcode94_top20_consensus.fasta
2024-04-16 10:25:22,474 INFO: Command 'racon -m 8 -x -6 -g -8 -w 500 output/expedition_jardin_botanique/barcode94/consensus/barcode94_top20.fastq output/expedition_jardin_botanique/barcode94/consensus/barcode94_top20_reads.paf output/expedition_jardin_botanique/barcode94/consensus/barcode94_top20.fastq > output/expedition_jardin_botanique/barcode94/consensus/barcode94_top20_consensus.fasta' took 0.23 seconds to run.
2024-04-16 10:25:22,475 ERROR: Error: [racon::Polisher::initialize] loaded target sequences 0.001642 s
[racon::Polisher::initialize] loaded sequences 0.001675 s
[racon::Polisher::initialize] loaded overlaps 0.019875 s
[racon::Polisher::initialize] aligning overlaps [=>                  ] 0.004006 s
[racon::Polisher::initialize] aligning overlaps [==>                 ] 0.005214 s
[racon::Polisher::initialize] aligning overlaps [===>                ] 0.006325 s
[racon::Polisher::initialize] aligning overlaps [====>               ] 0.007408 s
[racon::Polisher::initialize] aligning overlaps [=====>              ] 0.008555 s
[racon::Polisher::initialize] aligning overlaps [======>             ] 0.009686 s
[racon::Polisher::initialize] aligning overlaps [=======>            ] 0.010774 s
[racon::Polisher::initialize] aligning overlaps [========>           ] 0.011911 s
[racon::Polisher::initialize] aligning overlaps [=========>          ] 0.013002 s
[racon::Polisher::initialize] aligning overlaps [==========>         ] 0.014117 s
[racon::Polisher::initialize] aligning overlaps [===========>        ] 0.015231 s
[racon::Polisher::initialize] aligning overlaps [============>       ] 0.016295 s
[racon::Polisher::initialize] aligning overlaps [=============>      ] 0.017433 s
[racon::Polisher::initialize] aligning overlaps [==============>     ] 0.018591 s
[racon::Polisher::initialize] aligning overlaps [===============>    ] 0.019663 s
[racon::Polisher::initialize] aligning overlaps [================>   ] 0.020799 s
[racon::Polisher::initialize] aligning overlaps [=================>  ] 0.021831 s
[racon::Polisher::initialize] aligning overlaps [==================> ] 0.022735 s
[racon::Polisher::initialize] aligning overlaps [===================>] 0.023821 s
[racon::Polisher::initialize] aligning overlaps [====================] 0.027313 s
[racon::Polisher::initialize] transformed data into windows 0.000377 s
[racon::Polisher::polish] generating consensus [=>                  ] 0.085383 s
[racon::Polisher::polish] generating consensus [==>                 ] 0.140008 s
[racon::Polisher::polish] generating consensus [===>                ] 0.142794 s
[racon::Polisher::polish] generating consensus [====>               ] 0.152852 s
[racon::Polisher::polish] generating consensus [=====>              ] 0.155909 s
[racon::Polisher::polish] generating consensus [======>             ] 0.155936 s
[racon::Polisher::polish] generating consensus [=======>            ] 0.159744 s
[racon::Polisher::polish] generating consensus [========>           ] 0.159773 s
[racon::Polisher::polish] generating consensus [=========>          ] 0.161429 s
[racon::Polisher::polish] generating consensus [==========>         ] 0.161493 s
[racon::Polisher::polish] generating consensus [===========>        ] 0.162348 s
[racon::Polisher::polish] generating consensus [============>       ] 0.162367 s
[racon::Polisher::polish] generating consensus [=============>      ] 0.162482 s
[racon::Polisher::polish] generating consensus [==============>     ] 0.162502 s
[racon::Polisher::polish] generating consensus [===============>    ] 0.166624 s
[racon::Polisher::polish] generating consensus [================>   ] 0.166662 s
[racon::Polisher::polish] generating consensus [=================>  ] 0.166713 s
[racon::Polisher::polish] generating consensus [==================> ] 0.167533 s
[racon::Polisher::polish] generating consensus [===================>] 0.170280 s
[racon::Polisher::polish] generating consensus [====================] 0.170293 s
[racon::Polisher::] total = 0.221537 s

2024-04-16 10:25:22,475 INFO: Racon on 20% longest reads took 0.23 seconds.
2024-04-16 10:25:22,475 INFO: Multiple sequences found in output/expedition_jardin_botanique/barcode94/consensus/barcode94_top20_consensus.fasta. Selecting the best alignment...
2024-04-16 10:25:23,422 INFO: Running minimap2 on remaining 80% sequences...
2024-04-16 10:25:23,424 INFO: Running command: minimap2 -x map-ont output/expedition_jardin_botanique/barcode94/consensus/barcode94_top20_consensus.fasta output/expedition_jardin_botanique/barcode94/consensus/barcode94_remaining80.fastq > output/expedition_jardin_botanique/barcode94/consensus/barcode94_remaining80_reads.paf
2024-04-16 10:25:23,439 INFO: Command 'minimap2 -x map-ont output/expedition_jardin_botanique/barcode94/consensus/barcode94_top20_consensus.fasta output/expedition_jardin_botanique/barcode94/consensus/barcode94_remaining80.fastq > output/expedition_jardin_botanique/barcode94/consensus/barcode94_remaining80_reads.paf' took 0.01 seconds to run.
2024-04-16 10:25:23,439 ERROR: Error: [M::mm_idx_gen::0.001*1.20] collected minimizers
[M::mm_idx_gen::0.002*1.08] sorted minimizers
[M::main::0.002*1.08] loaded/built the index for 1 target sequence(s)
[M::mm_mapopt_update::0.002*1.08] mid_occ = 10
[M::mm_idx_stat] kmer size: 15; skip: 10; is_hpc: 0; #seq: 1
[M::mm_idx_stat::0.002*1.07] distinct minimizers: 139 (100.00% are singletons); average occurrences: 1.000; average spacing: 5.381; total length: 748
[M::worker_pipeline::0.011*0.62] mapped 891 sequences
[M::main] Version: 2.27-r1193
[M::main] CMD: minimap2 -x map-ont output/expedition_jardin_botanique/barcode94/consensus/barcode94_top20_consensus.fasta output/expedition_jardin_botanique/barcode94/consensus/barcode94_remaining80.fastq
[M::main] Real time: 0.012 sec; CPU: 0.007 sec; Peak RSS: 0.005 GB

2024-04-16 10:25:23,439 INFO: Minimap2 on 80% shortest reads took 0.01 seconds.
2024-04-16 10:25:23,439 INFO: Generating final consensus with racon...
2024-04-16 10:25:23,440 INFO: Running command: racon -m 8 -x -6 -g -8 -w 500 output/expedition_jardin_botanique/barcode94/consensus/barcode94_remaining80.fastq output/expedition_jardin_botanique/barcode94/consensus/barcode94_remaining80_reads.paf output/expedition_jardin_botanique/barcode94/consensus/barcode94_top20_consensus.fasta > output/expedition_jardin_botanique/barcode94/consensus/barcode94_final_consensus.fasta
2024-04-16 10:25:23,831 INFO: Command 'racon -m 8 -x -6 -g -8 -w 500 output/expedition_jardin_botanique/barcode94/consensus/barcode94_remaining80.fastq output/expedition_jardin_botanique/barcode94/consensus/barcode94_remaining80_reads.paf output/expedition_jardin_botanique/barcode94/consensus/barcode94_top20_consensus.fasta > output/expedition_jardin_botanique/barcode94/consensus/barcode94_final_consensus.fasta' took 0.39 seconds to run.
2024-04-16 10:25:23,831 ERROR: Error: [racon::Polisher::initialize] loaded target sequences 0.000066 s
[racon::Polisher::initialize] loaded sequences 0.004677 s
[racon::Polisher::initialize] loaded overlaps 0.001277 s
[racon::Polisher::initialize] aligning overlaps [=>                  ] 0.004858 s
[racon::Polisher::initialize] aligning overlaps [==>                 ] 0.007935 s
[racon::Polisher::initialize] aligning overlaps [===>                ] 0.010245 s
[racon::Polisher::initialize] aligning overlaps [====>               ] 0.012146 s
[racon::Polisher::initialize] aligning overlaps [=====>              ] 0.014124 s
[racon::Polisher::initialize] aligning overlaps [======>             ] 0.016154 s
[racon::Polisher::initialize] aligning overlaps [=======>            ] 0.017901 s
[racon::Polisher::initialize] aligning overlaps [========>           ] 0.019368 s
[racon::Polisher::initialize] aligning overlaps [=========>          ] 0.020550 s
[racon::Polisher::initialize] aligning overlaps [==========>         ] 0.021833 s
[racon::Polisher::initialize] aligning overlaps [===========>        ] 0.023066 s
[racon::Polisher::initialize] aligning overlaps [============>       ] 0.024379 s
[racon::Polisher::initialize] aligning overlaps [=============>      ] 0.025509 s
[racon::Polisher::initialize] aligning overlaps [==============>     ] 0.026712 s
[racon::Polisher::initialize] aligning overlaps [===============>    ] 0.027807 s
[racon::Polisher::initialize] aligning overlaps [================>   ] 0.028905 s
[racon::Polisher::initialize] aligning overlaps [=================>  ] 0.029993 s
[racon::Polisher::initialize] aligning overlaps [==================> ] 0.030806 s
[racon::Polisher::initialize] aligning overlaps [===================>] 0.032326 s
[racon::Polisher::initialize] aligning overlaps [====================] 0.033312 s
[racon::Polisher::initialize] transformed data into windows 0.000517 s
[racon::Polisher::polish] generated consensus 0.343953 s
[racon::Polisher::] total = 0.384615 s

2024-04-16 10:25:23,831 INFO: Racon on 80% shortest reads took 0.39 seconds.
2024-04-16 10:25:23,832 INFO: Deleting intermediate files...
2024-04-16 10:25:23,833 INFO: Minimap2 alignment took 0.31 seconds.
2024-04-16 10:25:23,833 INFO: Total Racon iterations took 0.62 seconds.
2024-04-16 10:25:23,833 INFO: Total time taken for the consensus pipeline: 0.93 seconds.
2024-04-16 10:25:23,833 INFO: Consensus pipeline completed. Total time taken: 0.93 seconds.
